2023-12-18 16:12:287 INFO  ManageBrowser :30 - Chrome Browser Launch....
2023-12-18 16:12:12 INFO  ManageBrowser :21 - Logging to the application....
2023-12-18 16:12:682 INFO  ManageBrowser :29 - Verifying the dashboard message....
2023-12-18 16:12:474 INFO  ManageBrowser :30 - Chrome Browser Launch....
2023-12-18 16:12:99 INFO  ManageBrowser :21 - Logging to the application....
2023-12-18 16:12:605 INFO  ManageBrowser :29 - Verifying the dashboard message....
2023-12-18 16:12:616 INFO  ManageBrowser :30 - Chrome Browser Launch....
2023-12-18 16:12:351 INFO  ManageBrowser :21 - Logging to the application....
2023-12-18 16:12:619 INFO  ManageBrowser :36 - Verifying the logo on homepage....
2023-12-18 16:12:615 INFO  ManageBrowser :30 - Chrome Browser Launch....
2023-12-18 16:12:39 INFO  ManageBrowser :22 - Logging to the application....
2023-12-18 16:12:68 INFO  ManageBrowser :44 - Clicking on logout option from user profile....
2023-12-18 16:12:632 INFO  ManageBrowser :51 - Verifying Login panel heading....
2023-12-18 17:12:48 INFO  ManageBrowser :30 - Chrome Browser Launch....
2023-12-18 17:12:809 INFO  ManageBrowser :29 - Logging in with valid credentials....
2023-12-18 17:12:196 INFO  ManageBrowser :37 - Clicking on Admin tab....
2023-12-18 17:12:719 INFO  ManageBrowser :43 - Verifying page heading....
2023-12-18 17:12:617 INFO  ManageBrowser :30 - Chrome Browser Launch....
2023-12-18 17:12:963 INFO  ManageBrowser :30 - Logging in with valid credentials....
2023-12-18 17:12:596 INFO  ManageBrowser :38 - Clicking on Admin tab....
2023-12-18 17:12:893 INFO  ManageBrowser :50 - Clicking on Add+ button.... 
2023-12-18 17:12:974 INFO  ManageBrowser :57 - Verifying the heading text on Add User page....
2023-12-18 18:12:968 INFO  ManageBrowser :30 - Chrome Browser Launch....
2023-12-18 18:12:55 INFO  ManageBrowser :64 - Logging in as admin and clicking on add user button....
2023-12-18 18:12:989 INFO  ManageBrowser :74 - Adding user....
2023-12-18 18:12:245 INFO  ManageBrowser :107 - Verifying success message....
2023-12-18 18:12:482 INFO  ManageBrowser :30 - Chrome Browser Launch....
2023-12-18 18:12:972 INFO  ManageBrowser :64 - Logging in as admin and clicking on add user button....
2023-12-18 18:12:746 INFO  ManageBrowser :74 - Adding user....
2023-12-18 18:12:998 INFO  ManageBrowser :108 - Verifying success message....
2023-12-18 19:12:524 INFO  ManageBrowser :30 - Chrome Browser Launch....
2023-12-18 19:12:900 INFO  ManageBrowser :64 - Logging in as admin and clicking on add user button....
2023-12-18 19:12:281 INFO  ManageBrowser :122 - Searching a user record....
2023-12-18 19:12:761 INFO  ManageBrowser :30 - Chrome Browser Launch....
2023-12-18 19:12:150 INFO  ManageBrowser :30 - Logging in with valid credentials....
2023-12-18 19:12:667 INFO  ManageBrowser :38 - Clicking on Admin tab....
2023-12-18 19:12:877 INFO  ManageBrowser :122 - Searching a user record....
2023-12-18 19:12:732 INFO  ManageBrowser :129 - Verifying search result....
2023-12-18 19:12:88 INFO  ManageBrowser :30 - Chrome Browser Launch....
2023-12-18 19:12:538 INFO  ManageBrowser :30 - Logging in with valid credentials....
2023-12-18 19:12:22 INFO  ManageBrowser :38 - Clicking on Admin tab....
2023-12-18 19:12:635 INFO  ManageBrowser :122 - Searching a user record....
2023-12-18 19:12:446 INFO  ManageBrowser :135 - Selecting the record and deleting....
2023-12-18 19:12:911 INFO  ManageBrowser :143 - Verifying the success message....
2023-12-18 19:12:300 INFO  ManageBrowser :30 - Chrome Browser Launch....
2023-12-18 19:12:767 INFO  ManageBrowser :30 - Logging in with valid credentials....
2023-12-18 19:12:227 INFO  ManageBrowser :38 - Clicking on Admin tab....
2023-12-18 19:12:796 INFO  ManageBrowser :122 - Searching a user record....
2023-12-18 19:12:658 INFO  ManageBrowser :135 - Selecting the record and deleting....
2023-12-18 19:12:533 INFO  ManageBrowser :30 - Chrome Browser Launch....
2023-12-18 19:12:948 INFO  ManageBrowser :64 - Logging in as admin and clicking on add user button....
2023-12-18 19:12:299 INFO  ManageBrowser :78 - Adding user....
2023-12-18 19:12:357 INFO  ManageBrowser :114 - Verifying success message....
2023-12-18 19:12:249 INFO  ManageBrowser :30 - Chrome Browser Launch....
2023-12-18 19:12:681 INFO  ManageBrowser :30 - Logging in with valid credentials....
2023-12-18 19:12:207 INFO  ManageBrowser :38 - Clicking on Admin tab....
2023-12-18 19:12:430 INFO  ManageBrowser :122 - Searching a user record....
2023-12-18 19:12:192 INFO  ManageBrowser :135 - Selecting the record and deleting....
2023-12-18 19:12:795 INFO  ManageBrowser :30 - Chrome Browser Launch....
2023-12-18 19:12:187 INFO  ManageBrowser :30 - Logging in with valid credentials....
2023-12-18 19:12:691 INFO  ManageBrowser :38 - Clicking on Admin tab....
2023-12-18 19:12:75 INFO  ManageBrowser :122 - Searching a user record....
2023-12-18 19:12:953 INFO  ManageBrowser :135 - Selecting the record and deleting....
2023-12-18 19:12:425 INFO  ManageBrowser :143 - Verifying the success message....
2023-12-18 19:12:413 INFO  ManageBrowser :30 - Chrome Browser Launch....
2023-12-18 19:12:59 INFO  ManageBrowser :30 - Logging in with valid credentials....
2023-12-18 19:12:378 INFO  ManageBrowser :38 - Clicking on Admin tab....
2023-12-18 19:12:647 INFO  ManageBrowser :122 - Searching a user record....
2023-12-18 19:12:569 INFO  ManageBrowser :135 - Selecting the record and deleting....
2023-12-18 19:12:44 INFO  ManageBrowser :143 - Verifying the success message....
2023-12-18 20:12:754 INFO  ManageBrowser :30 - Chrome Browser Launch....
2023-12-18 20:12:131 INFO  ManageBrowser :30 - Logging in with valid credentials....
2023-12-18 20:12:666 INFO  ManageBrowser :38 - Clicking on Admin tab....
2023-12-18 20:12:24 INFO  ManageBrowser :131 - Searching a user record....
2023-12-18 20:12:50 INFO  ManageBrowser :138 - Verifying search result....
2023-12-18 20:12:525 INFO  ManageBrowser :30 - Chrome Browser Launch....
2023-12-18 20:12:936 INFO  ManageBrowser :30 - Logging in with valid credentials....
2023-12-18 20:12:432 INFO  ManageBrowser :38 - Clicking on Admin tab....
2023-12-18 20:12:250 INFO  ManageBrowser :131 - Searching a user record....
2023-12-18 20:12:357 INFO  ManageBrowser :138 - Verifying search result....
2023-12-18 20:12:913 INFO  ManageBrowser :30 - Chrome Browser Launch....
2023-12-18 20:12:219 INFO  ManageBrowser :30 - Logging in with valid credentials....
2023-12-18 20:12:732 INFO  ManageBrowser :38 - Clicking on Admin tab....
2023-12-18 20:12:914 INFO  ManageBrowser :131 - Searching a user record....
2023-12-18 20:12:16 INFO  ManageBrowser :138 - Verifying search result....
2023-12-18 20:12:511 INFO  ManageBrowser :30 - Chrome Browser Launch....
2023-12-18 20:12:943 INFO  ManageBrowser :30 - Logging in with valid credentials....
2023-12-18 20:12:417 INFO  ManageBrowser :38 - Clicking on Admin tab....
2023-12-18 20:12:792 INFO  ManageBrowser :131 - Searching a user record....
2023-12-18 20:12:712 INFO  ManageBrowser :138 - Verifying search result....
2023-12-18 20:12:199 INFO  ManageBrowser :30 - Chrome Browser Launch....
2023-12-18 20:12:445 INFO  ManageBrowser :30 - Logging in with valid credentials....
2023-12-18 20:12:940 INFO  ManageBrowser :38 - Clicking on Admin tab....
2023-12-18 20:12:390 INFO  ManageBrowser :131 - Searching a user record....
2023-12-18 20:12:234 INFO  ManageBrowser :138 - Verifying search result....
2023-12-18 20:12:300 INFO  ManageBrowser :30 - Chrome Browser Launch....
2023-12-18 20:12:856 INFO  ManageBrowser :30 - Logging in with valid credentials....
2023-12-18 20:12:42 INFO  ManageBrowser :38 - Clicking on Admin tab....
2023-12-18 20:12:210 INFO  ManageBrowser :131 - Searching a user record....
2023-12-18 20:12:437 INFO  ManageBrowser :138 - Verifying search result....
2023-12-18 20:12:950 INFO  ManageBrowser :30 - Chrome Browser Launch....
2023-12-18 20:12:232 INFO  ManageBrowser :30 - Logging in with valid credentials....
2023-12-18 20:12:704 INFO  ManageBrowser :38 - Clicking on Admin tab....
2023-12-18 20:12:646 INFO  ManageBrowser :131 - Searching a user record....
2023-12-18 20:12:510 INFO  ManageBrowser :30 - Chrome Browser Launch....
2023-12-18 20:12:824 INFO  ManageBrowser :30 - Logging in with valid credentials....
2023-12-18 20:12:318 INFO  ManageBrowser :38 - Clicking on Admin tab....
2023-12-18 20:12:768 INFO  ManageBrowser :131 - Searching a user record....
2023-12-18 20:12:825 INFO  ManageBrowser :138 - Verifying search result....
2023-12-18 20:12:358 INFO  ManageBrowser :30 - Chrome Browser Launch....
2023-12-18 20:12:711 INFO  ManageBrowser :30 - Logging in with valid credentials....
2023-12-18 20:12:271 INFO  ManageBrowser :38 - Clicking on Admin tab....
2023-12-18 20:12:723 INFO  ManageBrowser :131 - Searching a user record....
2023-12-18 20:12:669 INFO  ManageBrowser :138 - Verifying search result....
2023-12-18 20:12:175 INFO  ManageBrowser :30 - Chrome Browser Launch....
2023-12-18 20:12:613 INFO  ManageBrowser :30 - Logging in with valid credentials....
2023-12-18 20:12:68 INFO  ManageBrowser :38 - Clicking on Admin tab....
2023-12-18 20:12:982 INFO  ManageBrowser :131 - Searching a user record....
2023-12-18 20:12:879 INFO  ManageBrowser :138 - Verifying search result....
2023-12-18 20:12:276 INFO  ManageBrowser :30 - Chrome Browser Launch....
2023-12-18 20:12:938 INFO  ManageBrowser :59 - Entering username....
2023-12-18 20:12:253 INFO  ManageBrowser :65 - Entering password....
2023-12-18 20:12:355 INFO  ManageBrowser :71 - Clicking on Login button....
2023-12-18 20:12:357 INFO  ManageBrowser :77 - Verifying error message....
2023-12-18 20:12:752 INFO  ManageBrowser :30 - Chrome Browser Launch....
2023-12-18 20:12:213 INFO  ManageBrowser :59 - Entering username....
2023-12-18 20:12:561 INFO  ManageBrowser :65 - Entering password....
2023-12-18 20:12:644 INFO  ManageBrowser :71 - Clicking on Login button....
2023-12-18 20:12:700 INFO  ManageBrowser :78 - Verifying error message....
2023-12-18 20:12:737 INFO  ManageBrowser :30 - Chrome Browser Launch....
2023-12-18 20:12:167 INFO  ManageBrowser :59 - Entering username....
2023-12-18 20:12:591 INFO  ManageBrowser :65 - Entering password....
2023-12-18 20:12:724 INFO  ManageBrowser :71 - Clicking on Login button....
2023-12-18 20:12:800 INFO  ManageBrowser :78 - Verifying error message....
2023-12-18 20:12:78 INFO  ManageBrowser :30 - Chrome Browser Launch....
2023-12-18 20:12:492 INFO  ManageBrowser :59 - Entering username....
2023-12-18 20:12:890 INFO  ManageBrowser :65 - Entering password....
2023-12-18 20:12:978 INFO  ManageBrowser :71 - Clicking on Login button....
2023-12-18 20:12:37 INFO  ManageBrowser :78 - Verifying error message....
2023-12-18 20:12:285 INFO  ManageBrowser :30 - Chrome Browser Launch....
2023-12-18 20:12:525 INFO  ManageBrowser :59 - Entering username....
2023-12-18 20:12:891 INFO  ManageBrowser :65 - Entering password....
2023-12-18 20:12:990 INFO  ManageBrowser :71 - Clicking on Login button....
2023-12-18 20:12:59 INFO  ManageBrowser :78 - Verifying error message....
2023-12-18 20:12:229 INFO  ManageBrowser :30 - Chrome Browser Launch....
2023-12-18 20:12:925 INFO  ManageBrowser :59 - Entering username....
2023-12-18 20:12:352 INFO  ManageBrowser :65 - Entering password....
2023-12-18 20:12:471 INFO  ManageBrowser :71 - Clicking on Login button....
2023-12-18 20:12:531 INFO  ManageBrowser :78 - Verifying error message....
2023-12-18 20:12:959 INFO  ManageBrowser :30 - Chrome Browser Launch....
2023-12-18 20:12:02 INFO  ManageBrowser :59 - Entering username....
2023-12-18 20:12:437 INFO  ManageBrowser :65 - Entering password....
2023-12-18 20:12:518 INFO  ManageBrowser :71 - Clicking on Login button....
2023-12-18 20:12:616 INFO  ManageBrowser :78 - Verifying error message....
2023-12-18 20:12:946 INFO  ManageBrowser :30 - Chrome Browser Launch....
2023-12-18 20:12:447 INFO  ManageBrowser :59 - Entering username....
2023-12-18 20:12:896 INFO  ManageBrowser :65 - Entering password....
2023-12-18 20:12:990 INFO  ManageBrowser :71 - Clicking on Login button....
2023-12-18 20:12:54 INFO  ManageBrowser :78 - Verifying error message....
2023-12-18 20:12:204 INFO  ManageBrowser :30 - Chrome Browser Launch....
2023-12-18 20:12:738 INFO  ManageBrowser :59 - Entering username....
2023-12-18 20:12:93 INFO  ManageBrowser :65 - Entering password....
2023-12-18 20:12:192 INFO  ManageBrowser :71 - Clicking on Login button....
2023-12-18 20:12:248 INFO  ManageBrowser :78 - Verifying error message....
2023-12-18 20:12:07 INFO  ManageBrowser :30 - Chrome Browser Launch....
2023-12-18 20:12:89 INFO  ManageBrowser :59 - Entering username....
2023-12-18 20:12:763 INFO  ManageBrowser :65 - Entering password....
2023-12-18 20:12:839 INFO  ManageBrowser :71 - Clicking on Login button....
2023-12-18 20:12:910 INFO  ManageBrowser :78 - Verifying error message....
2023-12-18 20:12:802 INFO  ManageBrowser :30 - Chrome Browser Launch....
2023-12-18 20:12:929 INFO  ManageBrowser :59 - Entering username....
2023-12-18 20:12:305 INFO  ManageBrowser :65 - Entering password....
2023-12-18 20:12:409 INFO  ManageBrowser :71 - Clicking on Login button....
2023-12-18 20:12:474 INFO  ManageBrowser :78 - Verifying error message....
2023-12-18 20:12:571 INFO  ManageBrowser :30 - Chrome Browser Launch....
2023-12-18 20:12:372 INFO  ManageBrowser :59 - Entering username....
2023-12-18 20:12:741 INFO  ManageBrowser :65 - Entering password....
2023-12-18 20:12:842 INFO  ManageBrowser :71 - Clicking on Login button....
2023-12-18 20:12:910 INFO  ManageBrowser :78 - Verifying error message....
2023-12-18 20:12:266 INFO  ManageBrowser :30 - Chrome Browser Launch....
2023-12-18 20:12:847 INFO  ManageBrowser :59 - Entering username....
2023-12-18 20:12:215 INFO  ManageBrowser :65 - Entering password....
2023-12-18 20:12:285 INFO  ManageBrowser :71 - Clicking on Login button....
2023-12-18 20:12:340 INFO  ManageBrowser :78 - Verifying error message....
2023-12-18 20:12:929 INFO  ManageBrowser :30 - Chrome Browser Launch....
2023-12-18 20:12:324 INFO  ManageBrowser :59 - Entering username....
2023-12-18 20:12:329 INFO  ManageBrowser :65 - Entering password....
2023-12-18 20:12:441 INFO  ManageBrowser :71 - Clicking on Login button....
2023-12-18 20:12:524 INFO  ManageBrowser :78 - Verifying error message....
2023-12-18 20:12:880 INFO  ManageBrowser :30 - Chrome Browser Launch....
2023-12-18 20:12:387 INFO  ManageBrowser :59 - Entering username....
2023-12-18 20:12:791 INFO  ManageBrowser :65 - Entering password....
2023-12-18 20:12:878 INFO  ManageBrowser :71 - Clicking on Login button....
2023-12-18 20:12:378 INFO  ManageBrowser :78 - Verifying error message....
2023-12-18 20:12:947 INFO  ManageBrowser :30 - Chrome Browser Launch....
2023-12-18 20:12:199 INFO  ManageBrowser :59 - Entering username....
2023-12-18 20:12:573 INFO  ManageBrowser :65 - Entering password....
2023-12-18 20:12:686 INFO  ManageBrowser :71 - Clicking on Login button....
2023-12-18 20:12:738 INFO  ManageBrowser :78 - Verifying error message....
2023-12-18 20:12:577 INFO  ManageBrowser :30 - Chrome Browser Launch....
2023-12-18 20:12:843 INFO  ManageBrowser :59 - Entering username....
2023-12-18 20:12:196 INFO  ManageBrowser :30 - Chrome Browser Launch....
2023-12-18 20:12:359 INFO  ManageBrowser :59 - Entering username....
2023-12-18 21:12:564 INFO  ManageBrowser :30 - Chrome Browser Launch....
2023-12-18 21:12:959 INFO  ManageBrowser :86 - Entering username....
2023-12-18 21:12:323 INFO  ManageBrowser :92 - Entering Password....
2023-12-18 21:12:402 INFO  ManageBrowser :71 - Clicking on Login button....
2023-12-18 21:12:474 INFO  ManageBrowser :98 - Verifying error messages for invalid credentials....
2023-12-18 21:12:893 INFO  ManageBrowser :30 - Chrome Browser Launch....
2023-12-18 21:12:315 INFO  ManageBrowser :86 - Entering username....
2023-12-18 21:12:695 INFO  ManageBrowser :92 - Entering Password....
2023-12-18 21:12:770 INFO  ManageBrowser :71 - Clicking on Login button....
2023-12-18 21:12:828 INFO  ManageBrowser :98 - Verifying error messages for invalid credentials....
2023-12-18 21:12:02 INFO  ManageBrowser :30 - Chrome Browser Launch....
2023-12-18 21:12:277 INFO  ManageBrowser :86 - Entering username....
2023-12-18 21:12:586 INFO  ManageBrowser :92 - Entering Password....
2023-12-18 21:12:693 INFO  ManageBrowser :71 - Clicking on Login button....
2023-12-18 21:12:752 INFO  ManageBrowser :98 - Verifying error messages for invalid credentials....
2023-12-18 21:12:137 INFO  ManageBrowser :30 - Chrome Browser Launch....
2023-12-18 21:12:417 INFO  ManageBrowser :86 - Entering username....
2023-12-18 21:12:760 INFO  ManageBrowser :92 - Entering Password....
2023-12-18 21:12:851 INFO  ManageBrowser :71 - Clicking on Login button....
2023-12-18 21:12:275 INFO  ManageBrowser :98 - Verifying error messages for invalid credentials....
2023-12-18 21:12:218 INFO  ManageBrowser :30 - Chrome Browser Launch....
2023-12-18 21:12:607 INFO  ManageBrowser :86 - Entering username....
2023-12-18 21:12:945 INFO  ManageBrowser :92 - Entering Password....
2023-12-18 21:12:55 INFO  ManageBrowser :71 - Clicking on Login button....
2023-12-18 21:12:130 INFO  ManageBrowser :98 - Verifying error messages for invalid credentials....
2023-12-18 21:12:744 INFO  ManageBrowser :30 - Chrome Browser Launch....
2023-12-18 21:12:236 INFO  ManageBrowser :86 - Entering username....
2023-12-18 21:12:724 INFO  ManageBrowser :92 - Entering Password....
2023-12-18 21:12:790 INFO  ManageBrowser :71 - Clicking on Login button....
2023-12-18 21:12:850 INFO  ManageBrowser :98 - Verifying error messages for invalid credentials....
2023-12-18 21:12:851 INFO  ManageBrowser :30 - Chrome Browser Launch....
2023-12-18 21:12:195 INFO  ManageBrowser :86 - Entering username....
2023-12-18 21:12:493 INFO  ManageBrowser :92 - Entering Password....
2023-12-18 21:12:604 INFO  ManageBrowser :71 - Clicking on Login button....
2023-12-18 21:12:667 INFO  ManageBrowser :98 - Verifying error messages for invalid credentials....
2023-12-18 21:12:07 INFO  ManageBrowser :30 - Chrome Browser Launch....
2023-12-18 21:12:437 INFO  ManageBrowser :86 - Entering username....
2023-12-18 21:12:818 INFO  ManageBrowser :92 - Entering Password....
2023-12-18 21:12:912 INFO  ManageBrowser :71 - Clicking on Login button....
2023-12-18 21:12:376 INFO  ManageBrowser :98 - Verifying error messages for invalid credentials....
2023-12-18 21:12:84 INFO  ManageBrowser :30 - Chrome Browser Launch....
2023-12-18 21:12:574 INFO  ManageBrowser :86 - Entering username....
2023-12-18 21:12:879 INFO  ManageBrowser :92 - Entering Password....
2023-12-18 21:12:959 INFO  ManageBrowser :71 - Clicking on Login button....
2023-12-18 21:12:21 INFO  ManageBrowser :98 - Verifying error messages for invalid credentials....
2023-12-18 21:12:436 INFO  ManageBrowser :30 - Chrome Browser Launch....
2023-12-18 21:12:823 INFO  ManageBrowser :86 - Entering username....
2023-12-18 21:12:323 INFO  ManageBrowser :92 - Entering Password....
2023-12-18 21:12:397 INFO  ManageBrowser :71 - Clicking on Login button....
2023-12-18 21:12:457 INFO  ManageBrowser :98 - Verifying error messages for invalid credentials....
2023-12-18 21:12:680 INFO  ManageBrowser :30 - Chrome Browser Launch....
2023-12-18 21:12:50 INFO  ManageBrowser :86 - Entering username....
2023-12-18 21:12:371 INFO  ManageBrowser :92 - Entering Password....
2023-12-18 21:12:498 INFO  ManageBrowser :71 - Clicking on Login button....
2023-12-18 21:12:582 INFO  ManageBrowser :98 - Verifying error messages for invalid credentials....
2023-12-18 21:12:386 INFO  ManageBrowser :30 - Chrome Browser Launch....
2023-12-18 21:12:674 INFO  ManageBrowser :86 - Entering username....
2023-12-18 21:12:81 INFO  ManageBrowser :92 - Entering Password....
2023-12-18 21:12:175 INFO  ManageBrowser :71 - Clicking on Login button....
2023-12-18 21:12:227 INFO  ManageBrowser :98 - Verifying error messages for invalid credentials....
2023-12-19 12:12:862 INFO  ManageBrowser :30 - Chrome Browser Launch....
2023-12-19 12:12:832 INFO  ManageBrowser :86 - Entering username....
2023-12-19 12:12:841 INFO  ManageBrowser :92 - Entering Password....
2023-12-19 12:12:908 INFO  ManageBrowser :71 - Clicking on Login button....
2023-12-19 12:12:969 INFO  ManageBrowser :98 - Verifying error messages for invalid credentials....
2023-12-19 12:12:312 INFO  ManageBrowser :30 - Chrome Browser Launch....
2023-12-19 12:12:315 INFO  ManageBrowser :86 - Entering username....
2023-12-19 12:12:662 INFO  ManageBrowser :92 - Entering Password....
2023-12-19 12:12:719 INFO  ManageBrowser :71 - Clicking on Login button....
2023-12-19 12:12:784 INFO  ManageBrowser :98 - Verifying error messages for invalid credentials....
2023-12-19 12:12:920 INFO  ManageBrowser :30 - Chrome Browser Launch....
2023-12-19 12:12:43 INFO  ManageBrowser :86 - Entering username....
2023-12-19 12:12:303 INFO  ManageBrowser :92 - Entering Password....
2023-12-19 12:12:388 INFO  ManageBrowser :71 - Clicking on Login button....
2023-12-19 12:12:445 INFO  ManageBrowser :98 - Verifying error messages for invalid credentials....
2023-12-19 12:12:422 INFO  ManageBrowser :30 - Chrome Browser Launch....
2023-12-19 12:12:374 INFO  ManageBrowser :86 - Entering username....
2023-12-19 12:12:768 INFO  ManageBrowser :92 - Entering Password....
2023-12-19 12:12:854 INFO  ManageBrowser :71 - Clicking on Login button....
2023-12-19 12:12:283 INFO  ManageBrowser :98 - Verifying error messages for invalid credentials....
2023-12-19 12:12:755 INFO  ManageBrowser :30 - Chrome Browser Launch....
2023-12-19 12:12:709 INFO  ManageBrowser :86 - Entering username....
2023-12-19 12:12:979 INFO  ManageBrowser :92 - Entering Password....
2023-12-19 12:12:52 INFO  ManageBrowser :71 - Clicking on Login button....
2023-12-19 12:12:113 INFO  ManageBrowser :98 - Verifying error messages for invalid credentials....
2023-12-19 12:12:304 INFO  ManageBrowser :30 - Chrome Browser Launch....
2023-12-19 12:12:285 INFO  ManageBrowser :86 - Entering username....
2023-12-19 12:12:624 INFO  ManageBrowser :92 - Entering Password....
2023-12-19 12:12:697 INFO  ManageBrowser :71 - Clicking on Login button....
2023-12-19 12:12:748 INFO  ManageBrowser :98 - Verifying error messages for invalid credentials....
2023-12-19 12:12:789 INFO  ManageBrowser :30 - Chrome Browser Launch....
2023-12-19 12:12:732 INFO  ManageBrowser :86 - Entering username....
2023-12-19 12:12:30 INFO  ManageBrowser :92 - Entering Password....
2023-12-19 12:12:123 INFO  ManageBrowser :71 - Clicking on Login button....
2023-12-19 12:12:180 INFO  ManageBrowser :98 - Verifying error messages for invalid credentials....
2023-12-19 12:12:201 INFO  ManageBrowser :30 - Chrome Browser Launch....
2023-12-19 12:12:149 INFO  ManageBrowser :86 - Entering username....
2023-12-19 12:12:465 INFO  ManageBrowser :92 - Entering Password....
2023-12-19 12:12:545 INFO  ManageBrowser :71 - Clicking on Login button....
2023-12-19 12:12:602 INFO  ManageBrowser :98 - Verifying error messages for invalid credentials....
