2023-12-16 22:12:933 INFO  ManageBrowser :30 - Chrome Browser Launch....
2023-12-16 22:12:507 INFO  ManageBrowser :30 - Chrome Browser Launch....
2023-12-16 22:12:225 INFO  ManageBrowser :20 - Home page displayed
2023-12-16 22:12:150 INFO  ManageBrowser :26 - Clicked on login button
2023-12-16 22:12:152 INFO  ManageBrowser :31 - Navigated to login page
2023-12-16 22:12:230 INFO  ManageBrowser :33 - Welcome message 
2023-12-16 22:12:158 INFO  ManageBrowser :30 - Chrome Browser Launch....
2023-12-16 22:12:889 INFO  ManageBrowser :20 - Home page displayed
2023-12-16 22:12:337 INFO  ManageBrowser :26 - Clicked on login button
2023-12-16 22:12:338 INFO  ManageBrowser :31 - Navigated to login page
2023-12-16 23:12:65 INFO  ManageBrowser :30 - Chrome Browser Launch....
2023-12-16 23:12:671 INFO  ManageBrowser :21 - Home page displayed
2023-12-16 23:12:951 INFO  ManageBrowser :27 - Clicked on login button
2023-12-16 23:12:955 INFO  ManageBrowser :32 - Navigated to login page
2023-12-16 23:12:54 INFO  ManageBrowser :34 - Welcome message displayed.
2023-12-16 23:12:969 INFO  ManageBrowser :30 - Chrome Browser Launch....
2023-12-16 23:12:785 INFO  ManageBrowser :21 - Home page displayed
2023-12-16 23:12:941 INFO  ManageBrowser :27 - Clicked on login button
2023-12-16 23:12:142 INFO  ManageBrowser :42 - Entered email.
2023-12-16 23:12:319 INFO  ManageBrowser :48 - Entered password.
2023-12-16 23:12:797 INFO  ManageBrowser :54 - Clicked on login button.
2023-12-16 23:12:195 INFO  ManageBrowser :30 - Chrome Browser Launch....
2023-12-16 23:12:19 INFO  ManageBrowser :21 - Home page displayed
2023-12-16 23:12:877 INFO  ManageBrowser :27 - Clicked on login button
2023-12-16 23:12:879 INFO  ManageBrowser :32 - Navigated to login page
2023-12-16 23:12:979 INFO  ManageBrowser :34 - Welcome message displayed.
2023-12-16 23:12:501 INFO  ManageBrowser :30 - Chrome Browser Launch....
2023-12-16 23:12:927 INFO  ManageBrowser :21 - Home page displayed
2023-12-16 23:12:381 INFO  ManageBrowser :27 - Clicked on login button
2023-12-16 23:12:663 INFO  ManageBrowser :42 - Entered email.
2023-12-16 23:12:836 INFO  ManageBrowser :48 - Entered password.
2023-12-16 23:12:571 INFO  ManageBrowser :54 - Clicked on login button.
2023-12-16 23:12:431 INFO  ManageBrowser :30 - Chrome Browser Launch....
2023-12-16 23:12:911 INFO  ManageBrowser :21 - Home page displayed
2023-12-16 23:12:937 INFO  ManageBrowser :27 - Clicked on login button
2023-12-16 23:12:940 INFO  ManageBrowser :32 - Navigated to login page
2023-12-16 23:12:49 INFO  ManageBrowser :34 - Welcome message displayed.
2023-12-16 23:12:746 INFO  ManageBrowser :30 - Chrome Browser Launch....
2023-12-16 23:12:26 INFO  ManageBrowser :21 - Home page displayed
2023-12-16 23:12:125 INFO  ManageBrowser :27 - Clicked on login button
2023-12-16 23:12:397 INFO  ManageBrowser :42 - Entered email.
2023-12-16 23:12:572 INFO  ManageBrowser :48 - Entered password.
2023-12-16 23:12:956 INFO  ManageBrowser :54 - Clicked on login button.
2023-12-16 23:12:853 INFO  ManageBrowser :30 - Chrome Browser Launch....
2023-12-16 23:12:111 INFO  ManageBrowser :21 - Home page displayed
2023-12-16 23:12:912 INFO  ManageBrowser :27 - Clicked on login button
2023-12-16 23:12:914 INFO  ManageBrowser :32 - Navigated to login page
2023-12-16 23:12:979 INFO  ManageBrowser :34 - Welcome message displayed.
2023-12-16 23:12:674 INFO  ManageBrowser :30 - Chrome Browser Launch....
2023-12-16 23:12:726 INFO  ManageBrowser :21 - Home page displayed
2023-12-16 23:12:347 INFO  ManageBrowser :27 - Clicked on login button
2023-12-16 23:12:587 INFO  ManageBrowser :42 - Entered email.
2023-12-16 23:12:760 INFO  ManageBrowser :48 - Entered password.
2023-12-16 23:12:194 INFO  ManageBrowser :54 - Clicked on login button.
2023-12-17 11:12:822 INFO  ManageBrowser :30 - Chrome Browser Launch....
2023-12-17 11:12:11 INFO  ManageBrowser :21 - Home page displayed
2023-12-17 11:12:726 INFO  ManageBrowser :27 - Clicked on login button
2023-12-17 11:12:727 INFO  ManageBrowser :32 - Navigated to login page
2023-12-17 11:12:787 INFO  ManageBrowser :34 - Welcome message displayed.
2023-12-17 11:12:338 INFO  ManageBrowser :30 - Chrome Browser Launch....
2023-12-17 11:12:881 INFO  ManageBrowser :21 - Home page displayed
2023-12-17 11:12:320 INFO  ManageBrowser :27 - Clicked on login button
2023-12-17 11:12:423 INFO  ManageBrowser :42 - Entered email.
2023-12-17 11:12:493 INFO  ManageBrowser :48 - Entered password.
2023-12-17 11:12:804 INFO  ManageBrowser :54 - Clicked on login button.
2023-12-17 11:12:903 INFO  ManageBrowser :30 - Chrome Browser Launch....
2023-12-17 11:12:901 INFO  ManageBrowser :21 - Home page displayed
2023-12-17 11:12:434 INFO  ManageBrowser :27 - Clicked on login button
2023-12-17 11:12:436 INFO  ManageBrowser :32 - Navigated to login page
2023-12-17 11:12:478 INFO  ManageBrowser :34 - Welcome message displayed.
2023-12-17 11:12:101 INFO  ManageBrowser :30 - Chrome Browser Launch....
2023-12-17 11:12:70 INFO  ManageBrowser :21 - Home page displayed
2023-12-17 11:12:528 INFO  ManageBrowser :27 - Clicked on login button
2023-12-17 11:12:615 INFO  ManageBrowser :42 - Entered email.
2023-12-17 11:12:679 INFO  ManageBrowser :48 - Entered password.
2023-12-17 11:12:955 INFO  ManageBrowser :54 - Clicked on login button.
2023-12-17 11:12:971 INFO  ManageBrowser :30 - Chrome Browser Launch....
2023-12-17 11:12:923 INFO  ManageBrowser :21 - Home page displayed
2023-12-17 11:12:406 INFO  ManageBrowser :27 - Clicked on login button
2023-12-17 11:12:412 INFO  ManageBrowser :32 - Navigated to login page
2023-12-17 11:12:449 INFO  ManageBrowser :34 - Welcome message displayed.
2023-12-17 11:12:905 INFO  ManageBrowser :30 - Chrome Browser Launch....
2023-12-17 11:12:933 INFO  ManageBrowser :21 - Home page displayed
2023-12-17 11:12:337 INFO  ManageBrowser :27 - Clicked on login button
2023-12-17 11:12:431 INFO  ManageBrowser :42 - Entered email.
2023-12-17 11:12:497 INFO  ManageBrowser :48 - Entered password.
2023-12-17 11:12:794 INFO  ManageBrowser :54 - Clicked on login button.
2023-12-17 11:12:328 INFO  ManageBrowser :30 - Chrome Browser Launch....
2023-12-17 11:12:272 INFO  ManageBrowser :21 - Home page displayed
2023-12-17 11:12:717 INFO  ManageBrowser :27 - Clicked on login button
2023-12-17 11:12:804 INFO  ManageBrowser :42 - Entered email.
2023-12-17 11:12:870 INFO  ManageBrowser :48 - Entered password.
2023-12-17 11:12:147 INFO  ManageBrowser :54 - Clicked on login button.
2023-12-17 11:12:259 INFO  ManageBrowser :30 - Chrome Browser Launch....
2023-12-17 11:12:178 INFO  ManageBrowser :21 - Home page displayed
2023-12-17 11:12:174 INFO  ManageBrowser :27 - Clicked on login button
2023-12-17 11:12:181 INFO  ManageBrowser :32 - Navigated to login page
2023-12-17 11:12:218 INFO  ManageBrowser :34 - Welcome message displayed.
2023-12-17 11:12:279 INFO  ManageBrowser :30 - Chrome Browser Launch....
2023-12-17 11:12:279 INFO  ManageBrowser :21 - Home page displayed
2023-12-17 11:12:704 INFO  ManageBrowser :27 - Clicked on login button
2023-12-17 11:12:787 INFO  ManageBrowser :42 - Entered email.
2023-12-17 11:12:851 INFO  ManageBrowser :48 - Entered password.
2023-12-17 11:12:129 INFO  ManageBrowser :54 - Clicked on login button.
2023-12-17 11:12:410 INFO  ManageBrowser :30 - Chrome Browser Launch....
2023-12-17 11:12:334 INFO  ManageBrowser :21 - Home page displayed
2023-12-17 11:12:743 INFO  ManageBrowser :27 - Clicked on login button
2023-12-17 11:12:829 INFO  ManageBrowser :42 - Entered email.
2023-12-17 11:12:893 INFO  ManageBrowser :48 - Entered password.
2023-12-17 11:12:400 INFO  ManageBrowser :54 - Clicked on login button.
2023-12-17 11:12:544 INFO  ManageBrowser :30 - Chrome Browser Launch....
2023-12-17 11:12:631 INFO  ManageBrowser :21 - Home page displayed
2023-12-17 11:12:476 INFO  ManageBrowser :27 - Clicked on login button
2023-12-17 11:12:482 INFO  ManageBrowser :32 - Navigated to login page
2023-12-17 11:12:524 INFO  ManageBrowser :34 - Welcome message displayed.
2023-12-17 11:12:648 INFO  ManageBrowser :30 - Chrome Browser Launch....
2023-12-17 11:12:142 INFO  ManageBrowser :21 - Home page displayed
2023-12-17 11:12:613 INFO  ManageBrowser :27 - Clicked on login button
2023-12-17 11:12:700 INFO  ManageBrowser :42 - Entered email.
2023-12-17 11:12:772 INFO  ManageBrowser :48 - Entered password.
2023-12-17 11:12:96 INFO  ManageBrowser :54 - Clicked on login button.
2023-12-17 11:12:365 INFO  ManageBrowser :30 - Chrome Browser Launch....
2023-12-17 11:12:284 INFO  ManageBrowser :21 - Home page displayed
2023-12-17 11:12:730 INFO  ManageBrowser :27 - Clicked on login button
2023-12-17 11:12:820 INFO  ManageBrowser :42 - Entered email.
2023-12-17 11:12:885 INFO  ManageBrowser :48 - Entered password.
2023-12-17 11:12:389 INFO  ManageBrowser :54 - Clicked on login button.
2023-12-17 11:12:502 INFO  ManageBrowser :30 - Chrome Browser Launch....
2023-12-17 11:12:34 INFO  ManageBrowser :21 - Home page displayed
2023-12-17 11:12:513 INFO  ManageBrowser :27 - Clicked on login button
2023-12-17 11:12:519 INFO  ManageBrowser :32 - Navigated to login page
2023-12-17 11:12:549 INFO  ManageBrowser :34 - Welcome message displayed.
2023-12-17 11:12:697 INFO  ManageBrowser :30 - Chrome Browser Launch....
2023-12-17 11:12:671 INFO  ManageBrowser :21 - Home page displayed
2023-12-17 11:12:142 INFO  ManageBrowser :27 - Clicked on login button
2023-12-17 11:12:222 INFO  ManageBrowser :42 - Entered email.
2023-12-17 11:12:287 INFO  ManageBrowser :48 - Entered password.
2023-12-17 11:12:575 INFO  ManageBrowser :54 - Clicked on login button.
2023-12-17 11:12:999 INFO  ManageBrowser :30 - Chrome Browser Launch....
2023-12-17 11:12:519 INFO  ManageBrowser :21 - Home page displayed
2023-12-17 11:12:977 INFO  ManageBrowser :27 - Clicked on login button
2023-12-17 11:12:67 INFO  ManageBrowser :42 - Entered email.
2023-12-17 11:12:128 INFO  ManageBrowser :48 - Entered password.
2023-12-17 11:12:663 INFO  ManageBrowser :54 - Clicked on login button.
2023-12-17 11:12:956 INFO  ManageBrowser :30 - Chrome Browser Launch....
2023-12-17 11:12:883 INFO  ManageBrowser :21 - Home page displayed
2023-12-17 11:12:338 INFO  ManageBrowser :27 - Clicked on login button
2023-12-17 11:12:343 INFO  ManageBrowser :32 - Navigated to login page
2023-12-17 11:12:387 INFO  ManageBrowser :34 - Welcome message displayed.
2023-12-17 11:12:448 INFO  ManageBrowser :30 - Chrome Browser Launch....
2023-12-17 11:12:386 INFO  ManageBrowser :21 - Home page displayed
2023-12-17 11:12:283 INFO  ManageBrowser :27 - Clicked on login button
2023-12-17 11:12:362 INFO  ManageBrowser :41 - Entered email.
2023-12-17 11:12:427 INFO  ManageBrowser :47 - Entered password.
2023-12-17 11:12:740 INFO  ManageBrowser :53 - Clicked on login button.
2023-12-17 11:12:47 INFO  ManageBrowser :30 - Chrome Browser Launch....
2023-12-17 11:12:441 INFO  ManageBrowser :21 - Home page displayed
2023-12-17 11:12:888 INFO  ManageBrowser :27 - Clicked on login button
2023-12-17 11:12:980 INFO  ManageBrowser :41 - Entered email.
2023-12-17 11:12:41 INFO  ManageBrowser :47 - Entered password.
2023-12-17 11:12:544 INFO  ManageBrowser :53 - Clicked on login button.
2023-12-17 11:12:592 INFO  ManageBrowser :66 - checking for Log out link....
2023-12-17 11:12:909 INFO  ManageBrowser :30 - Chrome Browser Launch....
2023-12-17 11:12:873 INFO  ManageBrowser :21 - Home page displayed
2023-12-17 11:12:317 INFO  ManageBrowser :27 - Clicked on login button
2023-12-17 11:12:323 INFO  ManageBrowser :32 - Navigated to login page
2023-12-17 11:12:359 INFO  ManageBrowser :34 - Welcome message displayed.
2023-12-17 11:12:578 INFO  ManageBrowser :30 - Chrome Browser Launch....
2023-12-17 11:12:533 INFO  ManageBrowser :21 - Home page displayed
2023-12-17 11:12:979 INFO  ManageBrowser :27 - Clicked on login button
2023-12-17 11:12:59 INFO  ManageBrowser :41 - Entered email.
2023-12-17 11:12:123 INFO  ManageBrowser :47 - Entered password.
2023-12-17 11:12:411 INFO  ManageBrowser :53 - Clicked on login button.
2023-12-17 11:12:724 INFO  ManageBrowser :30 - Chrome Browser Launch....
2023-12-17 11:12:665 INFO  ManageBrowser :21 - Home page displayed
2023-12-17 11:12:40 INFO  ManageBrowser :27 - Clicked on login button
2023-12-17 11:12:129 INFO  ManageBrowser :41 - Entered email.
2023-12-17 11:12:195 INFO  ManageBrowser :47 - Entered password.
2023-12-17 11:12:744 INFO  ManageBrowser :53 - Clicked on login button.
2023-12-17 11:12:779 INFO  ManageBrowser :66 - Checking for Log out link....
2023-12-17 11:12:266 INFO  ManageBrowser :30 - Chrome Browser Launch....
2023-12-17 11:12:298 INFO  ManageBrowser :21 - Home page displayed
2023-12-17 11:12:751 INFO  ManageBrowser :27 - Clicked on login button
2023-12-17 11:12:757 INFO  ManageBrowser :32 - Navigated to login page
2023-12-17 11:12:796 INFO  ManageBrowser :34 - Welcome message displayed.
2023-12-17 11:12:927 INFO  ManageBrowser :30 - Chrome Browser Launch....
2023-12-17 11:12:456 INFO  ManageBrowser :21 - Home page displayed
2023-12-17 11:12:83 INFO  ManageBrowser :27 - Clicked on login button
2023-12-17 11:12:161 INFO  ManageBrowser :41 - Entered email.
2023-12-17 11:12:230 INFO  ManageBrowser :47 - Entered password.
2023-12-17 11:12:509 INFO  ManageBrowser :53 - Clicked on login button.
2023-12-17 11:12:813 INFO  ManageBrowser :30 - Chrome Browser Launch....
2023-12-17 11:12:828 INFO  ManageBrowser :21 - Home page displayed
2023-12-17 11:12:280 INFO  ManageBrowser :27 - Clicked on login button
2023-12-17 11:12:363 INFO  ManageBrowser :41 - Entered email.
2023-12-17 11:12:428 INFO  ManageBrowser :47 - Entered password.
2023-12-17 11:12:917 INFO  ManageBrowser :53 - Clicked on login button.
2023-12-17 11:12:964 INFO  ManageBrowser :66 - Checking for Log out link....
2023-12-17 11:12:733 INFO  ManageBrowser :30 - Chrome Browser Launch....
2023-12-17 11:12:736 INFO  ManageBrowser :21 - Home page displayed
2023-12-17 11:12:211 INFO  ManageBrowser :27 - Clicked on login button
2023-12-17 11:12:216 INFO  ManageBrowser :32 - Navigated to login page
2023-12-17 11:12:256 INFO  ManageBrowser :34 - Welcome message displayed.
2023-12-17 11:12:526 INFO  ManageBrowser :30 - Chrome Browser Launch....
2023-12-17 11:12:498 INFO  ManageBrowser :21 - Home page displayed
2023-12-17 11:12:307 INFO  ManageBrowser :27 - Clicked on login button
2023-12-17 11:12:379 INFO  ManageBrowser :41 - Entered email.
2023-12-17 11:12:444 INFO  ManageBrowser :47 - Entered password.
2023-12-17 11:12:749 INFO  ManageBrowser :53 - Clicked on login button.
2023-12-17 11:12:223 INFO  ManageBrowser :30 - Chrome Browser Launch....
2023-12-17 11:12:159 INFO  ManageBrowser :21 - Home page displayed
2023-12-17 11:12:643 INFO  ManageBrowser :27 - Clicked on login button
2023-12-17 11:12:727 INFO  ManageBrowser :41 - Entered email.
2023-12-17 11:12:796 INFO  ManageBrowser :47 - Entered password.
2023-12-17 11:12:314 INFO  ManageBrowser :53 - Clicked on login button.
2023-12-17 11:12:355 INFO  ManageBrowser :67 - Checking for Log out link....
2023-12-17 11:12:877 INFO  ManageBrowser :30 - Chrome Browser Launch....
2023-12-17 11:12:803 INFO  ManageBrowser :21 - Home page displayed
2023-12-17 11:12:258 INFO  ManageBrowser :27 - Clicked on login button
2023-12-17 11:12:265 INFO  ManageBrowser :32 - Navigated to login page
2023-12-17 11:12:300 INFO  ManageBrowser :34 - Welcome message displayed.
2023-12-17 11:12:168 INFO  ManageBrowser :30 - Chrome Browser Launch....
2023-12-17 11:12:697 INFO  ManageBrowser :21 - Home page displayed
2023-12-17 11:12:155 INFO  ManageBrowser :27 - Clicked on login button
2023-12-17 11:12:255 INFO  ManageBrowser :41 - Entered email.
2023-12-17 11:12:324 INFO  ManageBrowser :47 - Entered password.
2023-12-17 11:12:602 INFO  ManageBrowser :53 - Clicked on login button.
2023-12-17 11:12:901 INFO  ManageBrowser :30 - Chrome Browser Launch....
2023-12-17 11:12:401 INFO  ManageBrowser :21 - Home page displayed
2023-12-17 11:12:885 INFO  ManageBrowser :27 - Clicked on login button
2023-12-17 11:12:985 INFO  ManageBrowser :41 - Entered email.
2023-12-17 11:12:57 INFO  ManageBrowser :47 - Entered password.
2023-12-17 11:12:546 INFO  ManageBrowser :53 - Clicked on login button.
2023-12-17 11:12:617 INFO  ManageBrowser :67 - Checking for Log out link....
2023-12-17 12:12:944 INFO  ManageBrowser :30 - Chrome Browser Launch....
2023-12-17 12:12:194 INFO  ManageBrowser :21 - Home page displayed
2023-12-17 12:12:639 INFO  ManageBrowser :27 - Clicked on login button
2023-12-17 12:12:644 INFO  ManageBrowser :32 - Navigated to login page
2023-12-17 12:12:678 INFO  ManageBrowser :34 - Welcome message displayed.
2023-12-17 12:12:720 INFO  ManageBrowser :30 - Chrome Browser Launch....
2023-12-17 12:12:916 INFO  ManageBrowser :21 - Home page displayed
2023-12-17 12:12:337 INFO  ManageBrowser :27 - Clicked on login button
2023-12-17 12:12:407 INFO  ManageBrowser :41 - Entered email.
2023-12-17 12:12:463 INFO  ManageBrowser :47 - Entered password.
2023-12-17 12:12:779 INFO  ManageBrowser :53 - Clicked on login button.
2023-12-17 12:12:913 INFO  ManageBrowser :30 - Chrome Browser Launch....
2023-12-17 12:12:428 INFO  ManageBrowser :21 - Home page displayed
2023-12-17 12:12:849 INFO  ManageBrowser :27 - Clicked on login button
2023-12-17 12:12:946 INFO  ManageBrowser :41 - Entered email.
2023-12-17 12:12:10 INFO  ManageBrowser :47 - Entered password.
2023-12-17 12:12:568 INFO  ManageBrowser :53 - Clicked on login button.
2023-12-17 12:12:616 INFO  ManageBrowser :67 - Checking for Log out link....
2023-12-17 12:12:951 INFO  ManageBrowser :30 - Chrome Browser Launch....
2023-12-17 12:12:913 INFO  ManageBrowser :21 - Home page displayed
2023-12-17 12:12:389 INFO  ManageBrowser :27 - Clicked on login button
2023-12-17 12:12:479 INFO  ManageBrowser :41 - Entered email.
2023-12-17 12:12:545 INFO  ManageBrowser :47 - Entered password.
2023-12-17 12:12:64 INFO  ManageBrowser :53 - Clicked on login button.
2023-12-17 12:12:105 INFO  ManageBrowser :67 - Checking for Log out link....
2023-12-17 12:12:224 INFO  ManageBrowser :30 - Chrome Browser Launch....
2023-12-17 12:12:658 INFO  ManageBrowser :21 - Home page displayed
2023-12-17 12:12:158 INFO  ManageBrowser :27 - Clicked on login button
2023-12-17 12:12:256 INFO  ManageBrowser :41 - Entered email.
2023-12-17 12:12:329 INFO  ManageBrowser :47 - Entered password.
2023-12-17 12:12:72 INFO  ManageBrowser :53 - Clicked on login button.
2023-12-17 13:12:114 INFO  ManageBrowser :30 - Chrome Browser Launch....
2023-12-17 13:12:892 INFO  ManageBrowser :21 - Home page displayed
2023-12-17 13:12:525 INFO  ManageBrowser :27 - Clicked on login button
2023-12-17 13:12:649 INFO  ManageBrowser :41 - Entered email.
2023-12-17 13:12:720 INFO  ManageBrowser :47 - Entered password.
2023-12-17 13:12:18 INFO  ManageBrowser :53 - Clicked on login button.
2023-12-17 13:12:823 INFO  ManageBrowser :30 - Chrome Browser Launch....
2023-12-17 13:12:170 INFO  ManageBrowser :21 - Home page displayed
2023-12-17 13:12:53 INFO  ManageBrowser :27 - Clicked on login button
2023-12-17 13:12:149 INFO  ManageBrowser :41 - Entered email.
2023-12-17 13:12:222 INFO  ManageBrowser :47 - Entered password.
2023-12-17 13:12:184 INFO  ManageBrowser :53 - Clicked on login button.
2023-12-17 13:12:560 INFO  ManageBrowser :30 - Chrome Browser Launch....
2023-12-17 13:12:299 INFO  ManageBrowser :21 - Home page displayed
2023-12-17 13:12:702 INFO  ManageBrowser :27 - Clicked on login button
2023-12-17 13:12:794 INFO  ManageBrowser :41 - Entered email.
2023-12-17 13:12:866 INFO  ManageBrowser :47 - Entered password.
2023-12-17 13:12:380 INFO  ManageBrowser :53 - Clicked on login button.
2023-12-17 13:12:274 INFO  ManageBrowser :30 - Chrome Browser Launch....
2023-12-17 13:12:73 INFO  ManageBrowser :21 - Home page displayed
2023-12-17 14:12:721 INFO  ManageBrowser :30 - Chrome Browser Launch....
2023-12-17 14:12:769 INFO  ManageBrowser :21 - Home page displayed
2023-12-17 14:12:771 INFO  ManageBrowser :22 - Navigating to register page...
2023-12-17 14:12:923 INFO  ManageBrowser :30 - Chrome Browser Launch....
2023-12-17 14:12:856 INFO  ManageBrowser :21 - Home page displayed
2023-12-17 14:12:859 INFO  ManageBrowser :22 - Navigating to register page...
2023-12-17 14:12:706 INFO  ManageBrowser :30 - Chrome Browser Launch....
2023-12-17 14:12:631 INFO  ManageBrowser :21 - Home page displayed
2023-12-17 14:12:633 INFO  ManageBrowser :22 - Navigating to register page...
2023-12-17 14:12:209 INFO  ManageBrowser :30 - Chrome Browser Launch....
2023-12-17 14:12:129 INFO  ManageBrowser :21 - Home page displayed
2023-12-17 14:12:132 INFO  ManageBrowser :22 - Navigating to register page...
2023-12-17 14:12:918 INFO  ManageBrowser :30 - Chrome Browser Launch....
2023-12-17 14:12:838 INFO  ManageBrowser :21 - Home page displayed
2023-12-17 14:12:840 INFO  ManageBrowser :22 - Navigating to register page...
2023-12-17 15:12:434 INFO  ManageBrowser :30 - Chrome Browser Launch....
2023-12-17 15:12:449 INFO  ManageBrowser :21 - Home page displayed
2023-12-17 15:12:455 INFO  ManageBrowser :22 - Navigating to register page...
2023-12-17 15:12:905 INFO  ManageBrowser :35 - Clicking on register button....
2023-12-17 15:12:974 INFO  ManageBrowser :73 - Selecting gender....
2023-12-17 15:12:36 INFO  ManageBrowser :79 - Entering firstname....
2023-12-17 15:12:98 INFO  ManageBrowser :86 - Entering lastname....
2023-12-17 15:12:156 INFO  ManageBrowser :92 - Selecting date from drop down....
2023-12-17 15:12:246 INFO  ManageBrowser :98 - Selecting month from drop down....
2023-12-17 15:12:316 INFO  ManageBrowser :104 - Selecting year from drop down....
2023-12-17 15:12:386 INFO  ManageBrowser :65 - Entering email.... 
2023-12-17 15:12:453 INFO  ManageBrowser :110 - Entering password....
2023-12-17 15:12:519 INFO  ManageBrowser :116 - Entering confirm password.....
2023-12-17 15:12:584 INFO  ManageBrowser :35 - Clicking on register button....
2023-12-17 15:12:832 INFO  ManageBrowser :30 - Chrome Browser Launch....
2023-12-17 15:12:787 INFO  ManageBrowser :21 - Home page displayed
2023-12-17 15:12:789 INFO  ManageBrowser :22 - Navigating to register page...
2023-12-17 15:12:240 INFO  ManageBrowser :35 - Clicking on register button....
2023-12-17 15:12:734 INFO  ManageBrowser :30 - Chrome Browser Launch....
2023-12-17 15:12:772 INFO  ManageBrowser :21 - Home page displayed
2023-12-17 15:12:774 INFO  ManageBrowser :22 - Navigating to register page...
2023-12-17 15:12:643 INFO  ManageBrowser :35 - Clicking on register button....
2023-12-17 15:12:740 INFO  ManageBrowser :30 - Chrome Browser Launch....
2023-12-17 15:12:711 INFO  ManageBrowser :21 - Home page displayed
2023-12-17 15:12:712 INFO  ManageBrowser :22 - Navigating to register page...
2023-12-17 15:12:166 INFO  ManageBrowser :35 - Clicking on register button....
2023-12-17 15:12:82 INFO  ManageBrowser :30 - Chrome Browser Launch....
2023-12-17 15:12:12 INFO  ManageBrowser :21 - Home page displayed
2023-12-17 15:12:15 INFO  ManageBrowser :22 - Navigating to register page...
2023-12-17 15:12:543 INFO  ManageBrowser :35 - Clicking on register button....
2023-12-17 16:12:505 INFO  ManageBrowser :30 - Chrome Browser Launch....
2023-12-17 16:12:504 INFO  ManageBrowser :21 - Home page displayed
2023-12-17 16:12:553 INFO  ManageBrowser :30 - Chrome Browser Launch....
2023-12-17 16:12:83 INFO  ManageBrowser :21 - Home page displayed
2023-12-17 16:12:88 INFO  ManageBrowser :18 - Clicking on 'Computer' navigation tab....
2023-12-17 16:12:12 INFO  ManageBrowser :23 - Verifying the 'Computer' page title....
2023-12-17 16:12:836 INFO  ManageBrowser :30 - Chrome Browser Launch....
2023-12-17 16:12:278 INFO  ManageBrowser :21 - Home page displayed
2023-12-17 16:12:281 INFO  ManageBrowser :18 - Clicking on 'Computer' navigation tab....
2023-12-17 16:12:360 INFO  ManageBrowser :23 - Verifying the 'Computer' page title....
2023-12-17 17:12:454 INFO  ManageBrowser :30 - Chrome Browser Launch....
2023-12-17 17:12:03 INFO  ManageBrowser :21 - Home page displayed
2023-12-17 17:12:05 INFO  ManageBrowser :20 - Clicking on 'Computer' navigation tab....
2023-12-17 17:12:524 INFO  ManageBrowser :34 - Clicking on computer drop down option....
2023-12-17 17:12:84 INFO  ManageBrowser :30 - Chrome Browser Launch....
2023-12-17 17:12:860 INFO  ManageBrowser :21 - Home page displayed
2023-12-17 17:12:862 INFO  ManageBrowser :21 - Clicking on 'Computer' navigation tab....
2023-12-17 17:12:550 INFO  ManageBrowser :35 - Clicking on computer drop down option....
2023-12-17 17:12:286 INFO  ManageBrowser :48 - Verifying page title....  
2023-12-17 17:12:215 INFO  ManageBrowser :30 - Chrome Browser Launch....
2023-12-17 17:12:784 INFO  ManageBrowser :21 - Home page displayed
2023-12-17 17:12:786 INFO  ManageBrowser :21 - Clicking on 'Computer' navigation tab....
2023-12-17 17:12:303 INFO  ManageBrowser :35 - Clicking on computer drop down option....
2023-12-17 17:12:146 INFO  ManageBrowser :61 - Clicking on Build Your Own Computer product....
2023-12-17 17:12:769 INFO  ManageBrowser :68 - Selecting product specifications....
2023-12-17 17:12:145 INFO  ManageBrowser :79 - Clicking on add to cart button....
2023-12-17 17:12:187 INFO  ManageBrowser :85 - Verifying added to cart success message....
2023-12-17 17:12:545 INFO  ManageBrowser :30 - Chrome Browser Launch....
2023-12-17 17:12:953 INFO  ManageBrowser :21 - Home page displayed
2023-12-17 17:12:955 INFO  ManageBrowser :21 - Clicking on 'Computer' navigation tab....
2023-12-17 17:12:466 INFO  ManageBrowser :35 - Clicking on computer drop down option....
2023-12-17 17:12:155 INFO  ManageBrowser :61 - Clicking on Build Your Own Computer product....
2023-12-17 17:12:536 INFO  ManageBrowser :68 - Selecting product specifications....
2023-12-17 17:12:920 INFO  ManageBrowser :79 - Clicking on add to cart button....
2023-12-17 17:12:960 INFO  ManageBrowser :85 - Verifying added to cart success message....
2023-12-17 17:12:336 INFO  ManageBrowser :30 - Chrome Browser Launch....
2023-12-17 17:12:903 INFO  ManageBrowser :21 - Home page displayed
2023-12-17 17:12:905 INFO  ManageBrowser :21 - Clicking on 'Computer' navigation tab....
2023-12-17 17:12:294 INFO  ManageBrowser :35 - Clicking on computer drop down option....
2023-12-17 17:12:879 INFO  ManageBrowser :61 - Clicking on Build Your Own Computer product....
2023-12-17 17:12:434 INFO  ManageBrowser :68 - Selecting product specifications....
2023-12-17 17:12:789 INFO  ManageBrowser :79 - Clicking on add to cart button....
2023-12-17 17:12:840 INFO  ManageBrowser :85 - Verifying added to cart success message....
2023-12-17 18:12:383 INFO  ManageBrowser :30 - Chrome Browser Launch....
2023-12-17 18:12:813 INFO  ManageBrowser :21 - Home page displayed
2023-12-17 18:12:814 INFO  ManageBrowser :21 - Clicking on 'Computer' navigation tab....
2023-12-17 18:12:745 INFO  ManageBrowser :35 - Clicking on computer drop down option....
2023-12-17 18:12:212 INFO  ManageBrowser :61 - Clicking on Build Your Own Computer product....
2023-12-17 18:12:589 INFO  ManageBrowser :68 - Selecting product specifications....
2023-12-17 18:12:993 INFO  ManageBrowser :79 - Clicking on add to cart button....
2023-12-17 18:12:33 INFO  ManageBrowser :85 - Verifying added to cart success message....
2023-12-17 18:12:958 INFO  ManageBrowser :30 - Chrome Browser Launch....
2023-12-17 18:12:943 INFO  ManageBrowser :21 - Home page displayed
2023-12-17 18:12:944 INFO  ManageBrowser :21 - Clicking on 'Computer' navigation tab....
2023-12-17 18:12:430 INFO  ManageBrowser :35 - Clicking on computer drop down option....
2023-12-17 18:12:901 INFO  ManageBrowser :61 - Clicking on Build Your Own Computer product....
2023-12-17 18:12:486 INFO  ManageBrowser :68 - Selecting product specifications....
2023-12-17 18:12:884 INFO  ManageBrowser :79 - Clicking on add to cart button....
2023-12-17 18:12:924 INFO  ManageBrowser :85 - Verifying added to cart success message....
2023-12-17 18:12:497 INFO  ManageBrowser :30 - Chrome Browser Launch....
2023-12-17 18:12:784 INFO  ManageBrowser :21 - Home page displayed
2023-12-17 18:12:787 INFO  ManageBrowser :21 - Clicking on 'Computer' navigation tab....
2023-12-17 18:12:324 INFO  ManageBrowser :35 - Clicking on computer drop down option....
2023-12-17 18:12:89 INFO  ManageBrowser :61 - Clicking on Build Your Own Computer product....
2023-12-17 18:12:932 INFO  ManageBrowser :68 - Selecting product specifications....
2023-12-17 18:12:273 INFO  ManageBrowser :79 - Clicking on add to cart button....
2023-12-17 18:12:319 INFO  ManageBrowser :85 - Verifying added to cart success message....
2023-12-17 19:12:262 INFO  ManageBrowser :30 - Chrome Browser Launch....
2023-12-17 19:12:673 INFO  ManageBrowser :21 - Home page displayed
2023-12-17 19:12:904 INFO  ManageBrowser :27 - Clicked on login button
2023-12-17 19:12:906 INFO  ManageBrowser :32 - Navigated to login page
2023-12-17 19:12:960 INFO  ManageBrowser :34 - Welcome message displayed.
2023-12-17 19:12:430 INFO  ManageBrowser :30 - Chrome Browser Launch....
2023-12-17 19:12:166 INFO  ManageBrowser :21 - Home page displayed
2023-12-17 19:12:888 INFO  ManageBrowser :27 - Clicked on login button
2023-12-17 19:12:983 INFO  ManageBrowser :41 - Entered email.
2023-12-17 19:12:48 INFO  ManageBrowser :47 - Entered password.
2023-12-17 19:12:333 INFO  ManageBrowser :53 - Clicked on login button.
2023-12-17 19:12:903 INFO  ManageBrowser :30 - Chrome Browser Launch....
2023-12-17 19:12:68 INFO  ManageBrowser :21 - Home page displayed
2023-12-17 19:12:108 INFO  ManageBrowser :27 - Clicked on login button
2023-12-17 19:12:196 INFO  ManageBrowser :41 - Entered email.
2023-12-17 19:12:262 INFO  ManageBrowser :47 - Entered password.
2023-12-17 19:12:551 INFO  ManageBrowser :53 - Clicked on login button.
2023-12-17 19:12:29 INFO  ManageBrowser :30 - Chrome Browser Launch....
2023-12-17 19:12:243 INFO  ManageBrowser :21 - Home page displayed
2023-12-17 19:12:635 INFO  ManageBrowser :27 - Clicked on login button
2023-12-17 19:12:721 INFO  ManageBrowser :41 - Entered email.
2023-12-17 19:12:784 INFO  ManageBrowser :47 - Entered password.
2023-12-17 19:12:65 INFO  ManageBrowser :53 - Clicked on login button.
2023-12-17 19:12:252 INFO  ManageBrowser :30 - Chrome Browser Launch....
2023-12-17 19:12:13 INFO  ManageBrowser :21 - Home page displayed
2023-12-17 19:12:276 INFO  ManageBrowser :27 - Clicked on login button
2023-12-17 19:12:278 INFO  ManageBrowser :32 - Navigated to login page
2023-12-17 19:12:318 INFO  ManageBrowser :34 - Welcome message displayed.
2023-12-17 19:12:226 INFO  ManageBrowser :30 - Chrome Browser Launch....
2023-12-17 19:12:615 INFO  ManageBrowser :21 - Home page displayed
2023-12-17 19:12:95 INFO  ManageBrowser :27 - Clicked on login button
2023-12-17 19:12:101 INFO  ManageBrowser :32 - Navigated to login page
2023-12-17 19:12:137 INFO  ManageBrowser :34 - Welcome message displayed.
2023-12-17 19:12:310 INFO  ManageBrowser :30 - Chrome Browser Launch....
2023-12-17 19:12:686 INFO  ManageBrowser :21 - Home page displayed
2023-12-17 19:12:687 INFO  ManageBrowser :22 - Navigating to register page...
2023-12-17 19:12:187 INFO  ManageBrowser :29 - Checking for 'Register' text....
2023-12-17 19:12:114 INFO  ManageBrowser :30 - Chrome Browser Launch....
2023-12-17 19:12:406 INFO  ManageBrowser :21 - Home page displayed
2023-12-17 19:12:409 INFO  ManageBrowser :21 - Clicking on 'Computer' navigation tab....
2023-12-17 19:12:609 INFO  ManageBrowser :29 - Verifying the 'Computer' page title....
2023-12-17 19:12:752 INFO  ManageBrowser :30 - Chrome Browser Launch....
2023-12-17 19:12:127 INFO  ManageBrowser :21 - Home page displayed
2023-12-17 19:12:128 INFO  ManageBrowser :21 - Clicking on 'Computer' navigation tab....
2023-12-17 19:12:190 INFO  ManageBrowser :35 - Clicking on computer drop down option....
2023-12-17 19:12:365 INFO  ManageBrowser :48 - Verifying page title....  
2023-12-17 19:12:531 INFO  ManageBrowser :30 - Chrome Browser Launch....
2023-12-17 19:12:118 INFO  ManageBrowser :21 - Home page displayed
2023-12-17 19:12:109 INFO  ManageBrowser :27 - Clicked on login button
2023-12-17 19:12:111 INFO  ManageBrowser :32 - Navigated to login page
2023-12-17 19:12:144 INFO  ManageBrowser :34 - Welcome message displayed.
2023-12-17 19:12:172 INFO  ManageBrowser :30 - Chrome Browser Launch....
2023-12-17 19:12:148 INFO  ManageBrowser :21 - Home page displayed
2023-12-17 19:12:04 INFO  ManageBrowser :27 - Clicked on login button
2023-12-17 19:12:87 INFO  ManageBrowser :41 - Entered email.
2023-12-17 19:12:151 INFO  ManageBrowser :47 - Entered password.
2023-12-17 19:12:424 INFO  ManageBrowser :53 - Clicked on login button.
2023-12-17 19:12:955 INFO  ManageBrowser :30 - Chrome Browser Launch....
2023-12-17 19:12:278 INFO  ManageBrowser :21 - Home page displayed
2023-12-17 19:12:58 INFO  ManageBrowser :27 - Clicked on login button
2023-12-17 19:12:138 INFO  ManageBrowser :41 - Entered email.
2023-12-17 19:12:202 INFO  ManageBrowser :47 - Entered password.
2023-12-17 19:12:480 INFO  ManageBrowser :53 - Clicked on login button.
2023-12-17 19:12:768 INFO  ManageBrowser :30 - Chrome Browser Launch....
2023-12-17 19:12:504 INFO  ManageBrowser :21 - Home page displayed
2023-12-17 19:12:504 INFO  ManageBrowser :22 - Navigating to register page...
2023-12-17 19:12:160 INFO  ManageBrowser :29 - Checking for 'Register' text....
2023-12-17 19:12:238 INFO  ManageBrowser :30 - Chrome Browser Launch....
2023-12-17 19:12:243 INFO  ManageBrowser :21 - Home page displayed
2023-12-17 19:12:244 INFO  ManageBrowser :22 - Navigating to register page...
2023-12-17 19:12:641 INFO  ManageBrowser :35 - Clicking on register button....
2023-12-17 19:12:715 INFO  ManageBrowser :42 - Comparing error messages....
