2023-12-18 23:12:852 INFO  ManageBrowser :29 - Chrome Browser launch....
2023-12-18 23:12:344 INFO  ManageBrowser :29 - Chrome Browser launch....
2023-12-18 23:12:802 INFO  ManageBrowser :22 - Clicking on start button....
2023-12-18 23:12:24 INFO  ManageBrowser :28 - Selecting Nationality and Reason for visit....
2023-12-18 23:12:710 INFO  ManageBrowser :43 - Selecting duration of stay....
2023-12-18 23:12:992 INFO  ManageBrowser :50 - Selecting work type....
2023-12-18 23:12:321 INFO  ManageBrowser :37 - Verifying visa requirement result....
2023-12-18 23:12:972 INFO  ManageBrowser :29 - Chrome Browser launch....
2023-12-18 23:12:356 INFO  ManageBrowser :22 - Clicking on start button....
2023-12-18 23:12:558 INFO  ManageBrowser :28 - Selecting Nationality and Reason for visit....
2023-12-18 23:12:487 INFO  ManageBrowser :43 - Selecting duration of stay....
2023-12-18 23:12:947 INFO  ManageBrowser :50 - Selecting work type....
2023-12-18 23:12:205 INFO  ManageBrowser :37 - Verifying visa requirement result....
2023-12-18 23:12:211 INFO  ManageBrowser :29 - Chrome Browser launch....
2023-12-18 23:12:736 INFO  ManageBrowser :22 - Clicking on start button....
2023-12-18 23:12:93 INFO  ManageBrowser :28 - Selecting Nationality and Reason for visit....
2023-12-18 23:12:849 INFO  ManageBrowser :37 - Verifying visa requirement result....
2023-12-18 23:12:338 INFO  ManageBrowser :29 - Chrome Browser launch....
2023-12-18 23:12:554 INFO  ManageBrowser :22 - Clicking on start button....
2023-12-18 23:12:969 INFO  ManageBrowser :28 - Selecting Nationality and Reason for visit....
2023-12-18 23:12:623 INFO  ManageBrowser :37 - Verifying visa requirement result....
2023-12-18 23:12:367 INFO  ManageBrowser :29 - Chrome Browser launch....
2023-12-18 23:12:787 INFO  ManageBrowser :22 - Clicking on start button....
2023-12-18 23:12:997 INFO  ManageBrowser :28 - Selecting Nationality and Reason for visit....
2023-12-18 23:12:708 INFO  ManageBrowser :37 - Verifying visa requirement result....
2023-12-18 23:12:282 INFO  ManageBrowser :29 - Chrome Browser launch....
2023-12-18 23:12:663 INFO  ManageBrowser :22 - Clicking on start button....
2023-12-18 23:12:865 INFO  ManageBrowser :28 - Selecting Nationality and Reason for visit....
2023-12-18 23:12:777 INFO  ManageBrowser :37 - Verifying visa requirement result....
2023-12-19 09:12:746 INFO  ManageBrowser :29 - Chrome Browser launch....
2023-12-19 09:12:159 INFO  ManageBrowser :22 - Clicking on start button....
2023-12-19 09:12:381 INFO  ManageBrowser :28 - Verifying the counties in the drop down....
2023-12-19 09:12:670 INFO  ManageBrowser :29 - Chrome Browser launch....
2023-12-19 09:12:135 INFO  ManageBrowser :22 - Clicking on start button....
2023-12-19 09:12:396 INFO  ManageBrowser :28 - Verifying the counties in the drop down....
2023-12-19 09:12:227 INFO  ManageBrowser :29 - Chrome Browser launch....
2023-12-19 09:12:590 INFO  ManageBrowser :22 - Clicking on start button....
2023-12-19 09:12:794 INFO  ManageBrowser :28 - Verifying the counties in the drop down....
2023-12-19 09:12:51 INFO  ManageBrowser :29 - Chrome Browser launch....
2023-12-19 09:12:435 INFO  ManageBrowser :22 - Clicking on start button....
2023-12-19 09:12:650 INFO  ManageBrowser :28 - Verifying the counties in the drop down....
2023-12-19 09:12:41 INFO  ManageBrowser :29 - Chrome Browser launch....
2023-12-19 09:12:394 INFO  ManageBrowser :22 - Clicking on start button....
2023-12-19 09:12:604 INFO  ManageBrowser :28 - Verifying the counties in the drop down....
2023-12-19 09:12:804 INFO  ManageBrowser :29 - Chrome Browser launch....
2023-12-19 09:12:170 INFO  ManageBrowser :22 - Clicking on start button....
2023-12-19 09:12:350 INFO  ManageBrowser :28 - Verifying the counties in the drop down....
2023-12-19 10:12:230 INFO  ManageBrowser :29 - Chrome Browser launch....
2023-12-19 10:12:676 INFO  ManageBrowser :22 - Clicking on start button....
2023-12-19 10:12:915 INFO  ManageBrowser :27 - Verifying the counties in the drop down....
2023-12-19 10:12:240 INFO  ManageBrowser :29 - Chrome Browser launch....
2023-12-19 10:12:599 INFO  ManageBrowser :22 - Clicking on start button....
2023-12-19 10:12:798 INFO  ManageBrowser :27 - Verifying the counties in the drop down....
2023-12-19 10:12:602 INFO  ManageBrowser :29 - Chrome Browser launch....
2023-12-19 10:12:260 INFO  ManageBrowser :22 - Clicking on start button....
2023-12-19 10:12:447 INFO  ManageBrowser :28 - Verifying the counties in the drop down....
2023-12-19 10:12:628 INFO  ManageBrowser :29 - Chrome Browser launch....
2023-12-19 10:12:61 INFO  ManageBrowser :22 - Clicking on start button....
2023-12-19 10:12:244 INFO  ManageBrowser :28 - Verifying the counties in the drop down....
2023-12-19 10:12:298 INFO  ManageBrowser :29 - Chrome Browser launch....
2023-12-19 10:12:641 INFO  ManageBrowser :22 - Clicking on start button....
2023-12-19 10:12:880 INFO  ManageBrowser :28 - Verifying the counties in the drop down....
2023-12-19 10:12:506 INFO  ManageBrowser :43 - Comparing if the countries are in the drop down....
2023-12-19 10:12:532 INFO  ManageBrowser :29 - Chrome Browser launch....
2023-12-19 10:12:15 INFO  ManageBrowser :22 - Clicking on start button....
2023-12-19 10:12:200 INFO  ManageBrowser :28 - Verifying the counties in the drop down....
2023-12-19 10:12:677 INFO  ManageBrowser :44 - Comparing if the countries are in the drop down....
2023-12-19 10:12:357 INFO  ManageBrowser :29 - Chrome Browser launch....
2023-12-19 10:12:896 INFO  ManageBrowser :22 - Clicking on start button....
2023-12-19 10:12:101 INFO  ManageBrowser :28 - Verifying the counties in the drop down....
2023-12-19 10:12:598 INFO  ManageBrowser :44 - Comparing if the countries are in the drop down....
2023-12-19 10:12:684 INFO  ManageBrowser :29 - Chrome Browser launch....
2023-12-19 10:12:73 INFO  ManageBrowser :22 - Clicking on start button....
2023-12-19 10:12:283 INFO  ManageBrowser :28 - Verifying the counties in the drop down....
2023-12-19 10:12:769 INFO  ManageBrowser :44 - Comparing if the countries are in the drop down....
2023-12-19 10:12:213 INFO  ManageBrowser :29 - Chrome Browser launch....
2023-12-19 10:12:628 INFO  ManageBrowser :22 - Clicking on start button....
2023-12-19 10:12:05 INFO  ManageBrowser :28 - Verifying the counties in the drop down....
2023-12-19 10:12:492 INFO  ManageBrowser :44 - Comparing if the countries are in the drop down....
2023-12-19 11:12:154 INFO  ManageBrowser :29 - Chrome Browser launch....
2023-12-19 11:12:850 INFO  ManageBrowser :22 - Clicking on start button....
2023-12-19 11:12:46 INFO  ManageBrowser :28 - Verifying the counties in the drop down....
2023-12-19 11:12:572 INFO  ManageBrowser :44 - Comparing if the countries are in the drop down....
2023-12-19 11:12:341 INFO  ManageBrowser :29 - Chrome Browser launch....
2023-12-19 11:12:708 INFO  ManageBrowser :22 - Clicking on start button....
2023-12-19 11:12:898 INFO  ManageBrowser :28 - Verifying the counties in the drop down....
2023-12-19 11:12:500 INFO  ManageBrowser :44 - Comparing if the countries are in the drop down....
2023-12-19 11:12:966 INFO  ManageBrowser :29 - Chrome Browser launch....
2023-12-19 11:12:355 INFO  ManageBrowser :22 - Clicking on start button....
2023-12-19 11:12:785 INFO  ManageBrowser :28 - Verifying the counties in the drop down....
2023-12-19 11:12:311 INFO  ManageBrowser :44 - Comparing if the countries are in the drop down....
2023-12-19 11:12:862 INFO  ManageBrowser :29 - Chrome Browser launch....
2023-12-19 11:12:317 INFO  ManageBrowser :22 - Clicking on start button....
2023-12-19 11:12:507 INFO  ManageBrowser :28 - Verifying the counties in the drop down....
2023-12-19 11:12:984 INFO  ManageBrowser :44 - Comparing if the countries are in the drop down....
2023-12-19 11:12:888 INFO  ManageBrowser :29 - Chrome Browser launch....
2023-12-19 11:12:249 INFO  ManageBrowser :22 - Clicking on start button....
2023-12-19 11:12:431 INFO  ManageBrowser :28 - Verifying the counties in the drop down....
2023-12-19 11:12:949 INFO  ManageBrowser :44 - Comparing if the countries are in the drop down....
2023-12-19 11:12:676 INFO  ManageBrowser :29 - Chrome Browser launch....
2023-12-19 11:12:205 INFO  ManageBrowser :22 - Clicking on start button....
2023-12-19 11:12:691 INFO  ManageBrowser :28 - Verifying the counties in the drop down....
2023-12-19 11:12:154 INFO  ManageBrowser :44 - Comparing if the countries are in the drop down....
2023-12-19 11:12:367 INFO  ManageBrowser :29 - Chrome Browser launch....
2023-12-19 11:12:729 INFO  ManageBrowser :22 - Clicking on start button....
2023-12-19 11:12:927 INFO  ManageBrowser :28 - Verifying the counties in the drop down....
2023-12-19 11:12:427 INFO  ManageBrowser :44 - Comparing if the countries are in the drop down....
2023-12-19 11:12:882 INFO  ManageBrowser :29 - Chrome Browser launch....
2023-12-19 11:12:239 INFO  ManageBrowser :22 - Clicking on start button....
2023-12-19 11:12:473 INFO  ManageBrowser :28 - Verifying the counties in the drop down....
2023-12-19 11:12:947 INFO  ManageBrowser :44 - Comparing if the countries are in the drop down....
