2023-12-17 20:12:642 INFO  ManageBrowser :27 - Chrome Browser Launch....
2023-12-17 21:12:646 INFO  ManageBrowser :27 - Chrome Browser Launch....
2023-12-17 21:12:608 INFO  ManageBrowser :27 - Chrome Browser Launch....
2023-12-17 21:12:443 INFO  ManageBrowser :23 - Opening homepage....
2023-12-17 21:12:446 INFO  ManageBrowser :28 - Clicking on Desktops tab on top menu....
2023-12-17 21:12:659 INFO  ManageBrowser :34 - Selecting 'show all desktops' from drop down....
2023-12-17 21:12:229 INFO  ManageBrowser :50 - Verifying page title on Desktops page....
2023-12-17 21:12:512 INFO  ManageBrowser :27 - Chrome Browser Launch....
2023-12-17 21:12:406 INFO  ManageBrowser :23 - Opening homepage....
2023-12-17 21:12:407 INFO  ManageBrowser :28 - Clicking on Desktops tab on top menu....
2023-12-17 21:12:561 INFO  ManageBrowser :34 - Selecting 'show all desktops' from drop down....
2023-12-17 21:12:117 INFO  ManageBrowser :50 - Verifying page title on Desktops page....
2023-12-17 21:12:189 INFO  ManageBrowser :27 - Chrome Browser Launch....
2023-12-17 21:12:959 INFO  ManageBrowser :23 - Opening homepage....
2023-12-17 21:12:959 INFO  ManageBrowser :28 - Clicking on Desktops tab on top menu....
2023-12-17 21:12:118 INFO  ManageBrowser :34 - Selecting 'show all desktops' from drop down....
2023-12-17 21:12:169 INFO  ManageBrowser :50 - Verifying page title on Desktops page....
2023-12-17 21:12:667 INFO  ManageBrowser :27 - Chrome Browser Launch....
2023-12-17 21:12:826 INFO  ManageBrowser :23 - Opening homepage....
2023-12-17 21:12:833 INFO  ManageBrowser :28 - Clicking on Desktops tab on top menu....
2023-12-17 21:12:01 INFO  ManageBrowser :34 - Selecting 'show all desktops' from drop down....
2023-12-17 21:12:55 INFO  ManageBrowser :50 - Verifying page title on Desktops page....
2023-12-17 21:12:417 INFO  ManageBrowser :27 - Chrome Browser Launch....
2023-12-17 21:12:303 INFO  ManageBrowser :23 - Opening homepage....
2023-12-17 21:12:307 INFO  ManageBrowser :28 - Clicking on Desktops tab on top menu....
2023-12-17 21:12:496 INFO  ManageBrowser :34 - Selecting 'show all desktops' from drop down....
2023-12-17 21:12:34 INFO  ManageBrowser :50 - Verifying page title on Desktops page....
2023-12-17 21:12:257 INFO  ManageBrowser :27 - Chrome Browser Launch....
2023-12-17 21:12:206 INFO  ManageBrowser :23 - Opening homepage....
2023-12-17 21:12:206 INFO  ManageBrowser :28 - Clicking on Desktops tab on top menu....
2023-12-17 21:12:100 INFO  ManageBrowser :34 - Selecting 'show all desktops' from drop down....
2023-12-17 21:12:171 INFO  ManageBrowser :50 - Verifying page title on Desktops page....
2023-12-17 21:12:316 INFO  ManageBrowser :27 - Chrome Browser Launch....
2023-12-17 21:12:335 INFO  ManageBrowser :23 - Opening homepage....
2023-12-17 21:12:338 INFO  ManageBrowser :28 - Clicking on Desktops tab on top menu....
2023-12-17 21:12:516 INFO  ManageBrowser :34 - Selecting 'show all desktops' from drop down....
2023-12-17 21:12:596 INFO  ManageBrowser :50 - Verifying page title on Desktops page....
2023-12-17 21:12:258 INFO  ManageBrowser :27 - Chrome Browser Launch....
2023-12-17 21:12:755 INFO  ManageBrowser :23 - Opening homepage....
2023-12-17 21:12:755 INFO  ManageBrowser :28 - Clicking on Desktops tab on top menu....
2023-12-17 21:12:927 INFO  ManageBrowser :34 - Selecting 'show all desktops' from drop down....
2023-12-17 21:12:991 INFO  ManageBrowser :50 - Verifying page title on Desktops page....
2023-12-17 21:12:641 INFO  ManageBrowser :27 - Chrome Browser Launch....
2023-12-17 21:12:461 INFO  ManageBrowser :23 - Opening homepage....
2023-12-17 21:12:462 INFO  ManageBrowser :28 - Clicking on Desktops tab on top menu....
2023-12-17 21:12:638 INFO  ManageBrowser :34 - Selecting 'show all desktops' from drop down....
2023-12-17 21:12:203 INFO  ManageBrowser :51 - Verifying page title on Desktops page....
2023-12-17 21:12:312 INFO  ManageBrowser :27 - Chrome Browser Launch....
2023-12-17 21:12:130 INFO  ManageBrowser :23 - Opening homepage....
2023-12-17 21:12:132 INFO  ManageBrowser :28 - Clicking on Desktops tab on top menu....
2023-12-17 21:12:289 INFO  ManageBrowser :34 - Selecting 'show all desktops' from drop down....
2023-12-17 21:12:357 INFO  ManageBrowser :51 - Verifying page title on Desktops page....
2023-12-17 21:12:675 INFO  ManageBrowser :27 - Chrome Browser Launch....
2023-12-17 21:12:468 INFO  ManageBrowser :23 - Opening homepage....
2023-12-17 21:12:475 INFO  ManageBrowser :28 - Clicking on Desktops tab on top menu....
2023-12-17 21:12:646 INFO  ManageBrowser :34 - Selecting 'show all desktops' from drop down....
2023-12-17 21:12:720 INFO  ManageBrowser :51 - Verifying page title on Desktops page....
2023-12-17 21:12:726 INFO  ManageBrowser :27 - Chrome Browser Launch....
2023-12-17 21:12:816 INFO  ManageBrowser :23 - Opening homepage....
2023-12-17 21:12:818 INFO  ManageBrowser :28 - Clicking on Desktops tab on top menu....
2023-12-17 21:12:10 INFO  ManageBrowser :45 - Selecting 'Show AllDesktops' from drop down....
2023-12-17 21:12:558 INFO  ManageBrowser :62 - Verifying page title on Desktops page....
2023-12-17 21:12:500 INFO  ManageBrowser :27 - Chrome Browser Launch....
2023-12-17 21:12:369 INFO  ManageBrowser :23 - Opening homepage....
2023-12-17 21:12:372 INFO  ManageBrowser :28 - Clicking on Laptops & Notebooks tab on top menu....
2023-12-17 21:12:530 INFO  ManageBrowser :45 - Selecting 'Show AllLaptops & Notebooks' from drop down....
2023-12-17 21:12:362 INFO  ManageBrowser :62 - Verifying page title on Desktops page....
2023-12-17 21:12:492 INFO  ManageBrowser :27 - Chrome Browser Launch....
2023-12-17 21:12:231 INFO  ManageBrowser :23 - Opening homepage....
2023-12-17 21:12:235 INFO  ManageBrowser :28 - Clicking on Components tab on top menu....
2023-12-17 21:12:404 INFO  ManageBrowser :45 - Selecting 'Show AllComponents' from drop down....
2023-12-17 21:12:890 INFO  ManageBrowser :62 - Verifying page title on Desktops page....
2023-12-17 22:12:416 INFO  ManageBrowser :27 - Chrome Browser Launch....
2023-12-17 22:12:432 INFO  ManageBrowser :23 - Opening homepage....
2023-12-17 22:12:435 INFO  ManageBrowser :28 - Clicking on Desktops tab on top menu....
2023-12-17 22:12:640 INFO  ManageBrowser :45 - Selecting 'Show AllDesktops' from drop down....
2023-12-17 22:12:279 INFO  ManageBrowser :62 - Verifying page title on Desktops page....
2023-12-17 22:12:418 INFO  ManageBrowser :27 - Chrome Browser Launch....
2023-12-17 22:12:332 INFO  ManageBrowser :23 - Opening homepage....
2023-12-17 22:12:332 INFO  ManageBrowser :28 - Clicking on Laptops & Notebooks tab on top menu....
2023-12-17 22:12:496 INFO  ManageBrowser :45 - Selecting 'Show AllLaptops & Notebooks' from drop down....
2023-12-17 22:12:156 INFO  ManageBrowser :62 - Verifying page title on Desktops page....
2023-12-17 22:12:556 INFO  ManageBrowser :27 - Chrome Browser Launch....
2023-12-17 22:12:500 INFO  ManageBrowser :23 - Opening homepage....
2023-12-17 22:12:500 INFO  ManageBrowser :28 - Clicking on Components tab on top menu....
2023-12-17 22:12:645 INFO  ManageBrowser :45 - Selecting 'Show AllComponents' from drop down....
2023-12-17 22:12:198 INFO  ManageBrowser :62 - Verifying page title on Desktops page....
2023-12-17 22:12:827 INFO  ManageBrowser :27 - Chrome Browser Launch....
2023-12-17 22:12:693 INFO  ManageBrowser :23 - Opening homepage....
2023-12-17 22:12:695 INFO  ManageBrowser :28 - Clicking on Desktops tab on top menu....
2023-12-17 22:12:895 INFO  ManageBrowser :45 - Selecting 'Show AllDesktops' from drop down....
2023-12-17 22:12:474 INFO  ManageBrowser :62 - Verifying page title on Desktops page....
2023-12-17 22:12:553 INFO  ManageBrowser :27 - Chrome Browser Launch....
2023-12-17 22:12:372 INFO  ManageBrowser :23 - Opening homepage....
2023-12-17 22:12:374 INFO  ManageBrowser :28 - Clicking on Laptops & Notebooks tab on top menu....
2023-12-17 22:12:543 INFO  ManageBrowser :45 - Selecting 'Show AllLaptops & Notebooks' from drop down....
2023-12-17 22:12:58 INFO  ManageBrowser :62 - Verifying page title on Desktops page....
2023-12-17 22:12:340 INFO  ManageBrowser :27 - Chrome Browser Launch....
2023-12-17 22:12:476 INFO  ManageBrowser :23 - Opening homepage....
2023-12-17 22:12:480 INFO  ManageBrowser :28 - Clicking on Components tab on top menu....
2023-12-17 22:12:660 INFO  ManageBrowser :45 - Selecting 'Show AllComponents' from drop down....
2023-12-17 22:12:183 INFO  ManageBrowser :62 - Verifying page title on Desktops page....
2023-12-17 22:12:803 INFO  ManageBrowser :27 - Chrome Browser Launch....
2023-12-17 22:12:884 INFO  ManageBrowser :23 - Opening homepage....
2023-12-17 22:12:889 INFO  ManageBrowser :60 - Clicking on Desktops tab on top menu....
2023-12-17 22:12:90 INFO  ManageBrowser :76 - Selecting 'Show AllDesktops' from drop down....
2023-12-17 22:12:940 INFO  ManageBrowser :27 - Chrome Browser Launch....
2023-12-17 22:12:825 INFO  ManageBrowser :23 - Opening homepage....
2023-12-17 22:12:827 INFO  ManageBrowser :60 - Clicking on Laptops & Notebooks tab on top menu....
2023-12-17 22:12:997 INFO  ManageBrowser :76 - Selecting 'Show AllLaptops & Notebooks' from drop down....
2023-12-17 22:12:134 INFO  ManageBrowser :27 - Chrome Browser Launch....
2023-12-17 22:12:332 INFO  ManageBrowser :23 - Opening homepage....
2023-12-17 22:12:332 INFO  ManageBrowser :60 - Clicking on Components tab on top menu....
2023-12-17 22:12:489 INFO  ManageBrowser :76 - Selecting 'Show AllComponents' from drop down....
2023-12-17 22:12:238 INFO  ManageBrowser :27 - Chrome Browser Launch....
2023-12-17 22:12:397 INFO  ManageBrowser :27 - Chrome Browser Launch....
2023-12-17 22:12:262 INFO  ManageBrowser :23 - Opening homepage....
2023-12-17 22:12:263 INFO  ManageBrowser :28 - Clicking on Desktops tab on top menu....
2023-12-17 22:12:413 INFO  ManageBrowser :45 - Selecting 'Show AllDesktops' from drop down....
2023-12-17 22:12:975 INFO  ManageBrowser :62 - Verifying page title on Desktops page....
2023-12-17 22:12:416 INFO  ManageBrowser :27 - Chrome Browser Launch....
2023-12-17 23:12:252 INFO  ManageBrowser :23 - Opening homepage....
2023-12-17 23:12:252 INFO  ManageBrowser :28 - Clicking on Laptops & Notebooks tab on top menu....
2023-12-17 23:12:419 INFO  ManageBrowser :45 - Selecting 'Show AllLaptops & Notebooks' from drop down....
2023-12-17 23:12:966 INFO  ManageBrowser :62 - Verifying page title on Desktops page....
2023-12-17 23:12:516 INFO  ManageBrowser :27 - Chrome Browser Launch....
2023-12-17 23:12:551 INFO  ManageBrowser :23 - Opening homepage....
2023-12-17 23:12:554 INFO  ManageBrowser :28 - Clicking on Components tab on top menu....
2023-12-17 23:12:749 INFO  ManageBrowser :45 - Selecting 'Show AllComponents' from drop down....
2023-12-17 23:12:315 INFO  ManageBrowser :62 - Verifying page title on Desktops page....
2023-12-17 23:12:684 INFO  ManageBrowser :27 - Chrome Browser Launch....
2023-12-17 23:12:596 INFO  ManageBrowser :23 - Opening homepage....
2023-12-17 23:12:598 INFO  ManageBrowser :60 - Clicking on Desktops tab on top menu....
2023-12-17 23:12:812 INFO  ManageBrowser :76 - Selecting 'Show AllDesktops' from drop down....
2023-12-17 23:12:77 INFO  ManageBrowser :27 - Chrome Browser Launch....
2023-12-17 23:12:348 INFO  ManageBrowser :23 - Opening homepage....
2023-12-17 23:12:349 INFO  ManageBrowser :60 - Clicking on Laptops & Notebooks tab on top menu....
2023-12-17 23:12:526 INFO  ManageBrowser :76 - Selecting 'Show AllLaptops & Notebooks' from drop down....
2023-12-17 23:12:703 INFO  ManageBrowser :27 - Chrome Browser Launch....
2023-12-17 23:12:595 INFO  ManageBrowser :23 - Opening homepage....
2023-12-17 23:12:599 INFO  ManageBrowser :60 - Clicking on Components tab on top menu....
2023-12-17 23:12:760 INFO  ManageBrowser :76 - Selecting 'Show AllComponents' from drop down....
2023-12-17 23:12:468 INFO  ManageBrowser :27 - Chrome Browser Launch....
2023-12-17 23:12:839 INFO  ManageBrowser :27 - Chrome Browser Launch....
2023-12-17 23:12:205 INFO  ManageBrowser :23 - Opening homepage....
2023-12-17 23:12:224 INFO  ManageBrowser :28 - Clicking on Desktops tab on top menu....
2023-12-17 23:12:400 INFO  ManageBrowser :45 - Selecting 'Show AllDesktops' from drop down....
2023-12-17 23:12:146 INFO  ManageBrowser :62 - Verifying page title on Desktops page....
2023-12-17 23:12:722 INFO  ManageBrowser :27 - Chrome Browser Launch....
2023-12-17 23:12:886 INFO  ManageBrowser :23 - Opening homepage....
2023-12-17 23:12:889 INFO  ManageBrowser :28 - Clicking on Laptops & Notebooks tab on top menu....
2023-12-17 23:12:82 INFO  ManageBrowser :45 - Selecting 'Show AllLaptops & Notebooks' from drop down....
2023-12-17 23:12:620 INFO  ManageBrowser :62 - Verifying page title on Desktops page....
2023-12-17 23:12:29 INFO  ManageBrowser :27 - Chrome Browser Launch....
2023-12-17 23:12:119 INFO  ManageBrowser :23 - Opening homepage....
2023-12-17 23:12:119 INFO  ManageBrowser :28 - Clicking on Components tab on top menu....
2023-12-17 23:12:276 INFO  ManageBrowser :45 - Selecting 'Show AllComponents' from drop down....
2023-12-17 23:12:758 INFO  ManageBrowser :62 - Verifying page title on Desktops page....
2023-12-17 23:12:302 INFO  ManageBrowser :27 - Chrome Browser Launch....
2023-12-17 23:12:101 INFO  ManageBrowser :23 - Opening homepage....
2023-12-17 23:12:107 INFO  ManageBrowser :60 - Clicking on Desktops tab on top menu....
2023-12-17 23:12:301 INFO  ManageBrowser :77 - Selecting 'Show AllDesktops' from drop down....
2023-12-17 23:12:119 INFO  ManageBrowser :27 - Chrome Browser Launch....
2023-12-17 23:12:951 INFO  ManageBrowser :23 - Opening homepage....
2023-12-17 23:12:951 INFO  ManageBrowser :60 - Clicking on Laptops & Notebooks tab on top menu....
2023-12-17 23:12:106 INFO  ManageBrowser :77 - Selecting 'Show AllLaptops & Notebooks' from drop down....
2023-12-17 23:12:898 INFO  ManageBrowser :27 - Chrome Browser Launch....
2023-12-17 23:12:797 INFO  ManageBrowser :23 - Opening homepage....
2023-12-17 23:12:800 INFO  ManageBrowser :60 - Clicking on Components tab on top menu....
2023-12-17 23:12:966 INFO  ManageBrowser :77 - Selecting 'Show AllComponents' from drop down....
2023-12-17 23:12:443 INFO  ManageBrowser :27 - Chrome Browser Launch....
2023-12-17 23:12:259 INFO  ManageBrowser :23 - Opening homepage....
2023-12-17 23:12:261 INFO  ManageBrowser :60 - Clicking on Desktops tab on top menu....
2023-12-17 23:12:436 INFO  ManageBrowser :77 - Selecting 'Show AllDesktops' from drop down....
2023-12-17 23:12:64 INFO  ManageBrowser :27 - Chrome Browser Launch....
2023-12-17 23:12:970 INFO  ManageBrowser :23 - Opening homepage....
2023-12-17 23:12:971 INFO  ManageBrowser :60 - Clicking on Laptops & Notebooks tab on top menu....
2023-12-17 23:12:121 INFO  ManageBrowser :77 - Selecting 'Show AllLaptops & Notebooks' from drop down....
2023-12-17 23:12:225 INFO  ManageBrowser :27 - Chrome Browser Launch....
2023-12-17 23:12:167 INFO  ManageBrowser :23 - Opening homepage....
2023-12-17 23:12:167 INFO  ManageBrowser :60 - Clicking on Components tab on top menu....
2023-12-17 23:12:354 INFO  ManageBrowser :77 - Selecting 'Show AllComponents' from drop down....
2023-12-17 23:12:516 INFO  ManageBrowser :27 - Chrome Browser Launch....
2023-12-17 23:12:696 INFO  ManageBrowser :27 - Chrome Browser Launch....
2023-12-17 23:12:214 INFO  ManageBrowser :23 - Opening homepage....
2023-12-17 23:12:215 INFO  ManageBrowser :28 - Clicking on Desktops tab on top menu....
2023-12-17 23:12:353 INFO  ManageBrowser :27 - Chrome Browser Launch....
2023-12-17 23:12:569 INFO  ManageBrowser :23 - Opening homepage....
2023-12-17 23:12:570 INFO  ManageBrowser :28 - Clicking on Laptops & Notebooks tab on top menu....
2023-12-17 23:12:530 INFO  ManageBrowser :27 - Chrome Browser Launch....
2023-12-17 23:12:165 INFO  ManageBrowser :23 - Opening homepage....
2023-12-17 23:12:172 INFO  ManageBrowser :28 - Clicking on Components tab on top menu....
2023-12-17 23:12:330 INFO  ManageBrowser :27 - Chrome Browser Launch....
2023-12-17 23:12:152 INFO  ManageBrowser :23 - Opening homepage....
2023-12-17 23:12:154 INFO  ManageBrowser :60 - Clicking on Desktops tab on top menu....
2023-12-17 23:12:353 INFO  ManageBrowser :77 - Selecting 'Show AllDesktops' from drop down....
2023-12-17 23:12:909 INFO  ManageBrowser :27 - Chrome Browser Launch....
2023-12-17 23:12:788 INFO  ManageBrowser :23 - Opening homepage....
2023-12-17 23:12:788 INFO  ManageBrowser :60 - Clicking on Laptops & Notebooks tab on top menu....
2023-12-17 23:12:992 INFO  ManageBrowser :77 - Selecting 'Show AllLaptops & Notebooks' from drop down....
2023-12-17 23:12:877 INFO  ManageBrowser :27 - Chrome Browser Launch....
2023-12-17 23:12:636 INFO  ManageBrowser :23 - Opening homepage....
2023-12-17 23:12:640 INFO  ManageBrowser :60 - Clicking on Desktops tab on top menu....
2023-12-17 23:12:828 INFO  ManageBrowser :77 - Selecting 'Show AllDesktops' from drop down....
2023-12-17 23:12:376 INFO  ManageBrowser :27 - Chrome Browser Launch....
2023-12-17 23:12:399 INFO  ManageBrowser :23 - Opening homepage....
2023-12-17 23:12:400 INFO  ManageBrowser :60 - Clicking on Laptops & Notebooks tab on top menu....
2023-12-17 23:12:577 INFO  ManageBrowser :77 - Selecting 'Show AllLaptops & Notebooks' from drop down....
2023-12-17 23:12:14 INFO  ManageBrowser :27 - Chrome Browser Launch....
2023-12-17 23:12:136 INFO  ManageBrowser :23 - Opening homepage....
2023-12-17 23:12:140 INFO  ManageBrowser :61 - Clicking on Desktops tab on top menu....
2023-12-17 23:12:514 INFO  ManageBrowser :78 - Selecting 'Show AllDesktops' from drop down....
2023-12-17 23:12:213 INFO  ManageBrowser :24 - Selecting option from 'Sort By' drop down....
2023-12-17 23:12:614 INFO  ManageBrowser :30 - Verifying the order of products displayed....
2023-12-17 23:12:405 INFO  ManageBrowser :27 - Chrome Browser Launch....
2023-12-17 23:12:374 INFO  ManageBrowser :23 - Opening homepage....
2023-12-17 23:12:375 INFO  ManageBrowser :61 - Clicking on Laptops & Notebooks tab on top menu....
2023-12-17 23:12:547 INFO  ManageBrowser :78 - Selecting 'Show AllLaptops & Notebooks' from drop down....
2023-12-17 23:12:107 INFO  ManageBrowser :24 - Selecting option from 'Sort By' drop down....
2023-12-17 23:12:467 INFO  ManageBrowser :30 - Verifying the order of products displayed....
2023-12-17 23:12:823 INFO  ManageBrowser :27 - Chrome Browser Launch....
2023-12-17 23:12:781 INFO  ManageBrowser :23 - Opening homepage....
2023-12-17 23:12:783 INFO  ManageBrowser :62 - Clicking on Desktops tab on top menu....
2023-12-17 23:12:963 INFO  ManageBrowser :79 - Selecting 'Show AllDesktops ' from drop down....
2023-12-17 23:12:235 INFO  ManageBrowser :25 - Selecting option from 'Sort By' drop down....
2023-12-17 23:12:982 INFO  ManageBrowser :27 - Chrome Browser Launch....
2023-12-17 23:12:52 INFO  ManageBrowser :23 - Opening homepage....
2023-12-17 23:12:55 INFO  ManageBrowser :62 - Clicking on Desktops tab on top menu....
2023-12-17 23:12:253 INFO  ManageBrowser :79 - Selecting 'Show AllDesktops' from drop down....
2023-12-17 23:12:996 INFO  ManageBrowser :25 - Selecting option from 'Sort By' drop down....
2023-12-17 23:12:871 INFO  ManageBrowser :27 - Chrome Browser Launch....
2023-12-17 23:12:915 INFO  ManageBrowser :23 - Opening homepage....
2023-12-17 23:12:920 INFO  ManageBrowser :62 - Clicking on Desktops tab on top menu....
2023-12-17 23:12:101 INFO  ManageBrowser :79 - Selecting 'Show AllDesktops' from drop down....
2023-12-17 23:12:862 INFO  ManageBrowser :25 - Selecting option from 'Sort By' drop down....
2023-12-17 23:12:244 INFO  ManageBrowser :27 - Chrome Browser Launch....
2023-12-17 23:12:248 INFO  ManageBrowser :23 - Opening homepage....
2023-12-17 23:12:251 INFO  ManageBrowser :62 - Clicking on Desktops tab on top menu....
2023-12-17 23:12:450 INFO  ManageBrowser :79 - Selecting 'Show AllDesktops' from drop down....
2023-12-17 23:12:712 INFO  ManageBrowser :25 - Selecting option from 'Sort By' drop down....
2023-12-17 23:12:455 INFO  ManageBrowser :27 - Chrome Browser Launch....
2023-12-17 23:12:274 INFO  ManageBrowser :23 - Opening homepage....
2023-12-17 23:12:277 INFO  ManageBrowser :62 - Clicking on Desktops tab on top menu....
2023-12-17 23:12:467 INFO  ManageBrowser :79 - Selecting 'Show AllDesktops' from drop down....
2023-12-17 23:12:718 INFO  ManageBrowser :25 - Selecting option from 'Sort By' drop down....
2023-12-18 00:12:145 INFO  ManageBrowser :27 - Chrome Browser Launch....
2023-12-18 00:12:197 INFO  ManageBrowser :23 - Opening homepage....
2023-12-18 00:12:201 INFO  ManageBrowser :62 - Clicking on Desktops tab on top menu....
2023-12-18 00:12:390 INFO  ManageBrowser :79 - Selecting 'Show AllDesktops' from drop down....
2023-12-18 00:12:639 INFO  ManageBrowser :25 - Selecting option from 'Sort By' drop down....
2023-12-18 00:12:22 INFO  ManageBrowser :27 - Chrome Browser Launch....
2023-12-18 00:12:892 INFO  ManageBrowser :23 - Opening homepage....
2023-12-18 00:12:894 INFO  ManageBrowser :62 - Clicking on Desktops tab on top menu....
2023-12-18 00:12:85 INFO  ManageBrowser :79 - Selecting 'Show AllDesktops' from drop down....
2023-12-18 00:12:345 INFO  ManageBrowser :25 - Selecting option from 'Sort By' drop down....
2023-12-18 00:12:244 INFO  ManageBrowser :27 - Chrome Browser Launch....
2023-12-18 00:12:198 INFO  ManageBrowser :23 - Opening homepage....
2023-12-18 00:12:199 INFO  ManageBrowser :62 - Clicking on Desktops tab on top menu....
2023-12-18 00:12:400 INFO  ManageBrowser :79 - Selecting 'Show AllDesktops' from drop down....
2023-12-18 00:12:619 INFO  ManageBrowser :25 - Selecting option from 'Sort By' drop down....
2023-12-18 00:12:314 INFO  ManageBrowser :27 - Chrome Browser Launch....
2023-12-18 00:12:323 INFO  ManageBrowser :23 - Opening homepage....
2023-12-18 00:12:325 INFO  ManageBrowser :62 - Clicking on Desktops tab on top menu....
2023-12-18 00:12:523 INFO  ManageBrowser :79 - Selecting 'Show AllDesktops' from drop down....
2023-12-18 00:12:807 INFO  ManageBrowser :25 - Selecting option from 'Sort By' drop down....
2023-12-18 00:12:942 INFO  ManageBrowser :27 - Chrome Browser Launch....
2023-12-18 00:12:878 INFO  ManageBrowser :23 - Opening homepage....
2023-12-18 00:12:882 INFO  ManageBrowser :62 - Clicking on Desktops tab on top menu....
2023-12-18 00:12:74 INFO  ManageBrowser :79 - Selecting 'Show AllDesktops' from drop down....
2023-12-18 00:12:421 INFO  ManageBrowser :25 - Selecting option from 'Sort By' drop down....
2023-12-18 00:12:661 INFO  ManageBrowser :27 - Chrome Browser Launch....
2023-12-18 00:12:513 INFO  ManageBrowser :23 - Opening homepage....
2023-12-18 00:12:516 INFO  ManageBrowser :62 - Clicking on Desktops tab on top menu....
2023-12-18 00:12:719 INFO  ManageBrowser :79 - Selecting 'Show AllDesktops' from drop down....
2023-12-18 00:12:954 INFO  ManageBrowser :25 - Selecting option from 'Sort By' drop down....
2023-12-18 00:12:624 INFO  ManageBrowser :27 - Chrome Browser Launch....
2023-12-18 00:12:546 INFO  ManageBrowser :23 - Opening homepage....
2023-12-18 00:12:547 INFO  ManageBrowser :62 - Clicking on Desktops tab on top menu....
2023-12-18 00:12:728 INFO  ManageBrowser :79 - Selecting 'Show AllDesktops' from drop down....
2023-12-18 00:12:985 INFO  ManageBrowser :25 - Selecting option from 'Sort By' drop down....
2023-12-18 00:12:585 INFO  ManageBrowser :27 - Chrome Browser Launch....
2023-12-18 00:12:480 INFO  ManageBrowser :23 - Opening homepage....
2023-12-18 00:12:482 INFO  ManageBrowser :62 - Clicking on Desktops tab on top menu....
2023-12-18 00:12:670 INFO  ManageBrowser :79 - Selecting 'Show AllDesktops' from drop down....
2023-12-18 00:12:260 INFO  ManageBrowser :95 - Selecting currency from drop down....
2023-12-18 00:12:00 INFO  ManageBrowser :25 - Selecting option from 'Sort By' drop down....
2023-12-18 00:12:424 INFO  ManageBrowser :109 - Selecting the required product from the resulting products....
2023-12-18 00:12:885 INFO  ManageBrowser :129 - Entering quantity....
2023-12-18 00:12:11 INFO  ManageBrowser :136 - Clicking on add to cart button....
2023-12-18 00:12:77 INFO  ManageBrowser :143 - Verifying 'Add to cart success' message....
2023-12-18 00:12:75 INFO  ManageBrowser :27 - Chrome Browser Launch....
2023-12-18 00:12:934 INFO  ManageBrowser :23 - Opening homepage....
2023-12-18 00:12:935 INFO  ManageBrowser :62 - Clicking on Desktops tab on top menu....
2023-12-18 00:12:87 INFO  ManageBrowser :79 - Selecting 'Show AllDesktops' from drop down....
2023-12-18 00:12:622 INFO  ManageBrowser :95 - Selecting currency from drop down....
2023-12-18 00:12:330 INFO  ManageBrowser :25 - Selecting option from 'Sort By' drop down....
2023-12-18 00:12:731 INFO  ManageBrowser :109 - Selecting the required product from the resulting products....
2023-12-18 00:12:887 INFO  ManageBrowser :129 - Entering quantity....
2023-12-18 00:12:978 INFO  ManageBrowser :136 - Clicking on add to cart button....
2023-12-18 00:12:30 INFO  ManageBrowser :143 - Verifying 'Add to cart success' message....
2023-12-18 00:12:742 INFO  ManageBrowser :27 - Chrome Browser Launch....
2023-12-18 00:12:605 INFO  ManageBrowser :23 - Opening homepage....
2023-12-18 00:12:605 INFO  ManageBrowser :62 - Clicking on Desktops tab on top menu....
2023-12-18 00:12:783 INFO  ManageBrowser :79 - Selecting 'Show AllDesktops' from drop down....
2023-12-18 00:12:316 INFO  ManageBrowser :95 - Selecting currency from drop down....
2023-12-18 00:12:972 INFO  ManageBrowser :25 - Selecting option from 'Sort By' drop down....
2023-12-18 00:12:365 INFO  ManageBrowser :109 - Selecting the required product from the resulting products....
2023-12-18 00:12:388 INFO  ManageBrowser :129 - Entering quantity....
2023-12-18 00:12:482 INFO  ManageBrowser :136 - Clicking on add to cart button....
2023-12-18 00:12:527 INFO  ManageBrowser :143 - Verifying 'Add to cart success' message....
2023-12-18 00:12:352 INFO  ManageBrowser :27 - Chrome Browser Launch....
2023-12-18 00:12:550 INFO  ManageBrowser :23 - Opening homepage....
2023-12-18 00:12:550 INFO  ManageBrowser :62 - Clicking on Desktops tab on top menu....
2023-12-18 00:12:725 INFO  ManageBrowser :79 - Selecting 'Show AllDesktops' from drop down....
2023-12-18 00:12:699 INFO  ManageBrowser :95 - Selecting currency from drop down....
2023-12-18 00:12:378 INFO  ManageBrowser :25 - Selecting option from 'Sort By' drop down....
2023-12-18 00:12:728 INFO  ManageBrowser :109 - Selecting the required product from the resulting products....
2023-12-18 00:12:501 INFO  ManageBrowser :129 - Entering quantity....
2023-12-18 00:12:607 INFO  ManageBrowser :136 - Clicking on add to cart button....
2023-12-18 00:12:673 INFO  ManageBrowser :143 - Verifying 'Add to cart success' message....
2023-12-18 00:12:167 INFO  ManageBrowser :27 - Chrome Browser Launch....
2023-12-18 00:12:965 INFO  ManageBrowser :23 - Opening homepage....
2023-12-18 00:12:967 INFO  ManageBrowser :62 - Clicking on Desktops tab on top menu....
2023-12-18 00:12:148 INFO  ManageBrowser :79 - Selecting 'Show AllDesktops' from drop down....
2023-12-18 00:12:666 INFO  ManageBrowser :95 - Selecting currency from drop down....
2023-12-18 00:12:333 INFO  ManageBrowser :25 - Selecting option from 'Sort By' drop down....
2023-12-18 00:12:719 INFO  ManageBrowser :109 - Selecting the required product from the resulting products....
2023-12-18 00:12:474 INFO  ManageBrowser :129 - Entering quantity....
2023-12-18 00:12:575 INFO  ManageBrowser :136 - Clicking on add to cart button....
2023-12-18 00:12:627 INFO  ManageBrowser :143 - Verifying 'Add to cart success' message....
2023-12-18 00:12:51 INFO  ManageBrowser :27 - Chrome Browser Launch....
2023-12-18 00:12:848 INFO  ManageBrowser :23 - Opening homepage....
2023-12-18 00:12:848 INFO  ManageBrowser :62 - Clicking on Desktops tab on top menu....
2023-12-18 00:12:08 INFO  ManageBrowser :79 - Selecting 'Show AllDesktops' from drop down....
2023-12-18 00:12:538 INFO  ManageBrowser :95 - Selecting currency from drop down....
2023-12-18 00:12:264 INFO  ManageBrowser :25 - Selecting option from 'Sort By' drop down....
2023-12-18 00:12:747 INFO  ManageBrowser :109 - Selecting the required product from the resulting products....
2023-12-18 00:12:451 INFO  ManageBrowser :129 - Entering quantity....
2023-12-18 00:12:866 INFO  ManageBrowser :136 - Clicking on add to cart button....
2023-12-18 00:12:09 INFO  ManageBrowser :143 - Verifying 'Add to cart success' message....
2023-12-18 00:12:848 INFO  ManageBrowser :27 - Chrome Browser Launch....
2023-12-18 00:12:877 INFO  ManageBrowser :23 - Opening homepage....
2023-12-18 00:12:880 INFO  ManageBrowser :62 - Clicking on Desktops tab on top menu....
2023-12-18 00:12:47 INFO  ManageBrowser :79 - Selecting 'Show AllDesktops' from drop down....
2023-12-18 00:12:423 INFO  ManageBrowser :27 - Chrome Browser Launch....
2023-12-18 00:12:382 INFO  ManageBrowser :23 - Opening homepage....
2023-12-18 00:12:383 INFO  ManageBrowser :62 - Clicking on Desktops tab on top menu....
2023-12-18 00:12:630 INFO  ManageBrowser :79 - Selecting 'Show AllDesktops' from drop down....
2023-12-18 00:12:502 INFO  ManageBrowser :95 - Selecting currency from drop down....
2023-12-18 00:12:953 INFO  ManageBrowser :25 - Selecting option from 'Sort By' drop down....
2023-12-18 00:12:861 INFO  ManageBrowser :109 - Selecting the required product from the resulting products....
2023-12-18 00:12:658 INFO  ManageBrowser :27 - Chrome Browser Launch....
2023-12-18 00:12:747 INFO  ManageBrowser :23 - Opening homepage....
2023-12-18 00:12:750 INFO  ManageBrowser :62 - Clicking on Desktops tab on top menu....
2023-12-18 00:12:943 INFO  ManageBrowser :79 - Selecting 'Show AllDesktops' from drop down....
2023-12-18 00:12:691 INFO  ManageBrowser :95 - Selecting currency from drop down....
2023-12-18 00:12:715 INFO  ManageBrowser :25 - Selecting option from 'Sort By' drop down....
2023-12-18 00:12:172 INFO  ManageBrowser :109 - Selecting the required product from the resulting products....
2023-12-18 00:12:238 INFO  ManageBrowser :129 - Entering quantity....
2023-12-18 00:12:355 INFO  ManageBrowser :136 - Clicking on add to cart button....
2023-12-18 00:12:416 INFO  ManageBrowser :143 - Verifying 'Add to cart success' message....
2023-12-18 00:12:70 INFO  ManageBrowser :27 - Chrome Browser Launch....
2023-12-18 00:12:935 INFO  ManageBrowser :23 - Opening homepage....
2023-12-18 00:12:936 INFO  ManageBrowser :62 - Clicking on Desktops tab on top menu....
2023-12-18 00:12:102 INFO  ManageBrowser :79 - Selecting 'Show AllDesktops' from drop down....
2023-12-18 00:12:602 INFO  ManageBrowser :95 - Selecting currency from drop down....
2023-12-18 00:12:450 INFO  ManageBrowser :25 - Selecting option from 'Sort By' drop down....
2023-12-18 00:12:820 INFO  ManageBrowser :109 - Selecting the required product from the resulting products....
2023-12-18 00:12:671 INFO  ManageBrowser :129 - Entering quantity....
2023-12-18 00:12:778 INFO  ManageBrowser :136 - Clicking on add to cart button....
2023-12-18 00:12:825 INFO  ManageBrowser :143 - Verifying 'Add to cart success' message....
2023-12-18 00:12:151 INFO  ManageBrowser :27 - Chrome Browser Launch....
2023-12-18 00:12:59 INFO  ManageBrowser :23 - Opening homepage....
2023-12-18 00:12:60 INFO  ManageBrowser :62 - Clicking on Desktops tab on top menu....
2023-12-18 00:12:221 INFO  ManageBrowser :79 - Selecting 'Show AllDesktops' from drop down....
2023-12-18 00:12:789 INFO  ManageBrowser :95 - Selecting currency from drop down....
2023-12-18 00:12:547 INFO  ManageBrowser :25 - Selecting option from 'Sort By' drop down....
2023-12-18 00:12:918 INFO  ManageBrowser :109 - Selecting the required product from the resulting products....
2023-12-18 00:12:151 INFO  ManageBrowser :129 - Entering quantity....
2023-12-18 00:12:238 INFO  ManageBrowser :136 - Clicking on add to cart button....
2023-12-18 00:12:292 INFO  ManageBrowser :143 - Verifying 'Add to cart success' message....
2023-12-18 00:12:905 INFO  ManageBrowser :27 - Chrome Browser Launch....
2023-12-18 00:12:910 INFO  ManageBrowser :23 - Opening homepage....
2023-12-18 00:12:911 INFO  ManageBrowser :62 - Clicking on Desktops tab on top menu....
2023-12-18 00:12:80 INFO  ManageBrowser :79 - Selecting 'Show AllDesktops' from drop down....
2023-12-18 00:12:731 INFO  ManageBrowser :95 - Selecting currency from drop down....
2023-12-18 00:12:422 INFO  ManageBrowser :25 - Selecting option from 'Sort By' drop down....
2023-12-18 00:12:861 INFO  ManageBrowser :109 - Selecting the required product from the resulting products....
2023-12-18 00:12:596 INFO  ManageBrowser :27 - Chrome Browser Launch....
2023-12-18 00:12:466 INFO  ManageBrowser :23 - Opening homepage....
2023-12-18 00:12:469 INFO  ManageBrowser :63 - Clicking on Desktops tab on top menu....
2023-12-18 00:12:654 INFO  ManageBrowser :80 - Selecting 'Show AllDesktops' from drop down....
2023-12-18 00:12:212 INFO  ManageBrowser :96 - Selecting currency from drop down....
2023-12-18 00:12:899 INFO  ManageBrowser :26 - Selecting option from 'Sort By' drop down....
2023-12-18 00:12:261 INFO  ManageBrowser :110 - Selecting the required product from the resulting products....
2023-12-18 00:12:93 INFO  ManageBrowser :130 - Entering quantity....
2023-12-18 00:12:187 INFO  ManageBrowser :137 - Clicking on add to cart button....
2023-12-18 00:12:242 INFO  ManageBrowser :144 - Verifying 'Add to cart success' message....
2023-12-18 00:12:473 INFO  ManageBrowser :150 - Clicking on 'Shopping cart' link in success message....
2023-12-18 00:12:824 INFO  ManageBrowser :156 - Verifying product details in the cart....
2023-12-18 00:12:226 INFO  ManageBrowser :27 - Chrome Browser Launch....
2023-12-18 00:12:982 INFO  ManageBrowser :23 - Opening homepage....
2023-12-18 00:12:982 INFO  ManageBrowser :63 - Clicking on Desktops tab on top menu....
2023-12-18 00:12:149 INFO  ManageBrowser :80 - Selecting 'Show AllDesktops' from drop down....
2023-12-18 00:12:718 INFO  ManageBrowser :96 - Selecting currency from drop down....
2023-12-18 00:12:418 INFO  ManageBrowser :26 - Selecting option from 'Sort By' drop down....
2023-12-18 00:12:774 INFO  ManageBrowser :110 - Selecting the required product from the resulting products....
2023-12-18 00:12:967 INFO  ManageBrowser :130 - Entering quantity....
2023-12-18 00:12:63 INFO  ManageBrowser :137 - Clicking on add to cart button....
2023-12-18 00:12:111 INFO  ManageBrowser :144 - Verifying 'Add to cart success' message....
2023-12-18 00:12:339 INFO  ManageBrowser :150 - Clicking on 'Shopping cart' link in success message....
2023-12-18 00:12:701 INFO  ManageBrowser :156 - Verifying product details in the cart....
2023-12-18 00:12:867 INFO  ManageBrowser :27 - Chrome Browser Launch....
2023-12-18 00:12:916 INFO  ManageBrowser :23 - Opening homepage....
2023-12-18 00:12:918 INFO  ManageBrowser :63 - Clicking on Desktops tab on top menu....
2023-12-18 00:12:96 INFO  ManageBrowser :80 - Selecting 'Show AllDesktops' from drop down....
2023-12-18 00:12:676 INFO  ManageBrowser :96 - Selecting currency from drop down....
2023-12-18 00:12:411 INFO  ManageBrowser :26 - Selecting option from 'Sort By' drop down....
2023-12-18 00:12:777 INFO  ManageBrowser :110 - Selecting the required product from the resulting products....
2023-12-18 00:12:837 INFO  ManageBrowser :130 - Entering quantity....
2023-12-18 00:12:954 INFO  ManageBrowser :137 - Clicking on add to cart button....
2023-12-18 00:12:16 INFO  ManageBrowser :144 - Verifying 'Add to cart success' message....
2023-12-18 00:12:255 INFO  ManageBrowser :150 - Clicking on 'Shopping cart' link in success message....
2023-12-18 00:12:638 INFO  ManageBrowser :156 - Verifying product details in the cart....
2023-12-18 00:12:456 INFO  ManageBrowser :27 - Chrome Browser Launch....
2023-12-18 00:12:691 INFO  ManageBrowser :23 - Opening homepage....
2023-12-18 00:12:692 INFO  ManageBrowser :63 - Clicking on Desktops tab on top menu....
2023-12-18 00:12:912 INFO  ManageBrowser :80 - Selecting 'Show AllDesktops' from drop down....
2023-12-18 00:12:587 INFO  ManageBrowser :96 - Selecting currency from drop down....
2023-12-18 00:12:381 INFO  ManageBrowser :26 - Selecting option from 'Sort By' drop down....
2023-12-18 00:12:720 INFO  ManageBrowser :110 - Selecting the required product from the resulting products....
2023-12-18 00:12:760 INFO  ManageBrowser :130 - Entering quantity....
2023-12-18 00:12:881 INFO  ManageBrowser :137 - Clicking on add to cart button....
2023-12-18 00:12:978 INFO  ManageBrowser :144 - Verifying 'Add to cart success' message....
2023-12-18 00:12:239 INFO  ManageBrowser :150 - Clicking on 'Shopping cart' link in success message....
2023-12-18 00:12:661 INFO  ManageBrowser :156 - Verifying product details in the cart....
2023-12-18 00:12:603 INFO  ManageBrowser :27 - Chrome Browser Launch....
2023-12-18 00:12:526 INFO  ManageBrowser :23 - Opening homepage....
2023-12-18 00:12:526 INFO  ManageBrowser :63 - Clicking on Desktops tab on top menu....
2023-12-18 00:12:684 INFO  ManageBrowser :80 - Selecting 'Show AllDesktops' from drop down....
2023-12-18 00:12:219 INFO  ManageBrowser :96 - Selecting currency from drop down....
2023-12-18 00:12:907 INFO  ManageBrowser :26 - Selecting option from 'Sort By' drop down....
2023-12-18 00:12:263 INFO  ManageBrowser :110 - Selecting the required product from the resulting products....
2023-12-18 00:12:272 INFO  ManageBrowser :130 - Entering quantity....
2023-12-18 00:12:363 INFO  ManageBrowser :137 - Clicking on add to cart button....
2023-12-18 00:12:411 INFO  ManageBrowser :144 - Verifying 'Add to cart success' message....
2023-12-18 00:12:637 INFO  ManageBrowser :150 - Clicking on 'Shopping cart' link in success message....
2023-12-18 00:12:988 INFO  ManageBrowser :156 - Verifying product details in the cart....
2023-12-18 00:12:341 INFO  ManageBrowser :27 - Chrome Browser Launch....
2023-12-18 00:12:153 INFO  ManageBrowser :23 - Opening homepage....
2023-12-18 00:12:153 INFO  ManageBrowser :63 - Clicking on Desktops tab on top menu....
2023-12-18 00:12:338 INFO  ManageBrowser :80 - Selecting 'Show AllDesktops' from drop down....
2023-12-18 00:12:963 INFO  ManageBrowser :96 - Selecting currency from drop down....
2023-12-18 00:12:964 INFO  ManageBrowser :26 - Selecting option from 'Sort By' drop down....
2023-12-18 00:12:453 INFO  ManageBrowser :110 - Selecting the required product from the resulting products....
2023-12-18 00:12:609 INFO  ManageBrowser :130 - Entering quantity....
2023-12-18 00:12:895 INFO  ManageBrowser :137 - Clicking on add to cart button....
2023-12-18 00:12:955 INFO  ManageBrowser :144 - Verifying 'Add to cart success' message....
2023-12-18 00:12:196 INFO  ManageBrowser :150 - Clicking on 'Shopping cart' link in success message....
2023-12-18 00:12:283 INFO  ManageBrowser :156 - Verifying product details in the cart....
2023-12-18 00:12:774 INFO  ManageBrowser :27 - Chrome Browser Launch....
2023-12-18 00:12:631 INFO  ManageBrowser :23 - Opening homepage....
2023-12-18 00:12:634 INFO  ManageBrowser :63 - Clicking on Desktops tab on top menu....
2023-12-18 00:12:833 INFO  ManageBrowser :80 - Selecting 'Show AllDesktops' from drop down....
2023-12-18 00:12:446 INFO  ManageBrowser :96 - Selecting currency from drop down....
2023-12-18 00:12:249 INFO  ManageBrowser :26 - Selecting option from 'Sort By' drop down....
2023-12-18 00:12:696 INFO  ManageBrowser :110 - Selecting the required product from the resulting products....
2023-12-18 00:12:734 INFO  ManageBrowser :130 - Entering quantity....
2023-12-18 00:12:843 INFO  ManageBrowser :137 - Clicking on add to cart button....
2023-12-18 00:12:897 INFO  ManageBrowser :144 - Verifying 'Add to cart success' message....
2023-12-18 00:12:122 INFO  ManageBrowser :150 - Clicking on 'Shopping cart' link in success message....
2023-12-18 00:12:468 INFO  ManageBrowser :156 - Verifying product details in the cart....
2023-12-18 00:12:894 INFO  ManageBrowser :27 - Chrome Browser Launch....
2023-12-18 00:12:894 INFO  ManageBrowser :23 - Opening homepage....
2023-12-18 00:12:896 INFO  ManageBrowser :63 - Clicking on Desktops tab on top menu....
2023-12-18 00:12:65 INFO  ManageBrowser :80 - Selecting 'Show AllDesktops' from drop down....
2023-12-18 00:12:610 INFO  ManageBrowser :96 - Selecting currency from drop down....
2023-12-18 00:12:524 INFO  ManageBrowser :26 - Selecting option from 'Sort By' drop down....
2023-12-18 00:12:173 INFO  ManageBrowser :110 - Selecting the required product from the resulting products....
2023-12-18 00:12:540 INFO  ManageBrowser :130 - Entering quantity....
2023-12-18 00:12:644 INFO  ManageBrowser :137 - Clicking on add to cart button....
2023-12-18 00:12:708 INFO  ManageBrowser :144 - Verifying 'Add to cart success' message....
2023-12-18 00:12:939 INFO  ManageBrowser :150 - Clicking on 'Shopping cart' link in success message....
2023-12-18 00:12:319 INFO  ManageBrowser :156 - Verifying product details in the cart....
2023-12-18 00:12:45 INFO  ManageBrowser :27 - Chrome Browser Launch....
2023-12-18 00:12:108 INFO  ManageBrowser :23 - Opening homepage....
2023-12-18 00:12:109 INFO  ManageBrowser :63 - Clicking on Desktops tab on top menu....
2023-12-18 00:12:278 INFO  ManageBrowser :80 - Selecting 'Show AllDesktops' from drop down....
2023-12-18 00:12:786 INFO  ManageBrowser :96 - Selecting currency from drop down....
2023-12-18 00:12:467 INFO  ManageBrowser :26 - Selecting option from 'Sort By' drop down....
2023-12-18 00:12:859 INFO  ManageBrowser :110 - Selecting the required product from the resulting products....
2023-12-18 00:12:18 INFO  ManageBrowser :130 - Entering quantity....
2023-12-18 00:12:98 INFO  ManageBrowser :137 - Clicking on add to cart button....
2023-12-18 00:12:150 INFO  ManageBrowser :144 - Verifying 'Add to cart success' message....
2023-12-18 00:12:371 INFO  ManageBrowser :150 - Clicking on 'Shopping cart' link in success message....
2023-12-18 00:12:973 INFO  ManageBrowser :156 - Verifying product details in the cart....
2023-12-18 00:12:716 INFO  ManageBrowser :27 - Chrome Browser Launch....
2023-12-18 00:12:907 INFO  ManageBrowser :23 - Opening homepage....
2023-12-18 00:12:907 INFO  ManageBrowser :63 - Clicking on Desktops tab on top menu....
2023-12-18 00:12:53 INFO  ManageBrowser :80 - Selecting 'Show AllDesktops' from drop down....
2023-12-18 01:12:689 INFO  ManageBrowser :27 - Chrome Browser Launch....
2023-12-18 01:12:580 INFO  ManageBrowser :23 - Opening homepage....
2023-12-18 01:12:585 INFO  ManageBrowser :63 - Clicking on Desktops tab on top menu....
2023-12-18 01:12:779 INFO  ManageBrowser :80 - Selecting 'Show AllDesktops' from drop down....
2023-12-18 01:12:343 INFO  ManageBrowser :96 - Selecting currency from drop down....
2023-12-18 01:12:65 INFO  ManageBrowser :26 - Selecting option from 'Sort By' drop down....
2023-12-18 01:12:468 INFO  ManageBrowser :110 - Selecting the required product from the resulting products....
2023-12-18 01:12:538 INFO  ManageBrowser :130 - Entering quantity....
2023-12-18 01:12:661 INFO  ManageBrowser :137 - Clicking on add to cart button....
2023-12-18 01:12:722 INFO  ManageBrowser :144 - Verifying 'Add to cart success' message....
2023-12-18 01:12:957 INFO  ManageBrowser :150 - Clicking on 'Shopping cart' link in success message....
2023-12-18 01:12:250 INFO  ManageBrowser :27 - Chrome Browser Launch....
2023-12-18 01:12:195 INFO  ManageBrowser :23 - Opening homepage....
2023-12-18 01:12:196 INFO  ManageBrowser :63 - Clicking on Desktops tab on top menu....
2023-12-18 01:12:370 INFO  ManageBrowser :80 - Selecting 'Show AllDesktops' from drop down....
2023-12-18 01:12:436 INFO  ManageBrowser :96 - Selecting currency from drop down....
2023-12-18 01:12:271 INFO  ManageBrowser :26 - Selecting option from 'Sort By' drop down....
2023-12-18 01:12:366 INFO  ManageBrowser :110 - Selecting the required product from the resulting products....
2023-12-18 01:12:981 INFO  ManageBrowser :130 - Entering quantity....
2023-12-18 01:12:64 INFO  ManageBrowser :137 - Clicking on add to cart button....
2023-12-18 01:12:113 INFO  ManageBrowser :144 - Verifying 'Add to cart success' message....
2023-12-18 01:12:395 INFO  ManageBrowser :150 - Clicking on 'Shopping cart' link in success message....
2023-12-18 01:12:741 INFO  ManageBrowser :156 - Verifying product details in the cart....
2023-12-18 01:12:495 INFO  ManageBrowser :27 - Chrome Browser Launch....
2023-12-18 01:12:823 INFO  ManageBrowser :23 - Opening homepage....
2023-12-18 01:12:823 INFO  ManageBrowser :63 - Clicking on Desktops tab on top menu....
2023-12-18 01:12:59 INFO  ManageBrowser :80 - Selecting 'Show AllDesktops' from drop down....
2023-12-18 01:12:708 INFO  ManageBrowser :96 - Selecting currency from drop down....
2023-12-18 01:12:652 INFO  ManageBrowser :26 - Selecting option from 'Sort By' drop down....
2023-12-18 01:12:533 INFO  ManageBrowser :110 - Selecting the required product from the resulting products....
2023-12-18 01:12:926 INFO  ManageBrowser :130 - Entering quantity....
2023-12-18 01:12:08 INFO  ManageBrowser :137 - Clicking on add to cart button....
2023-12-18 01:12:69 INFO  ManageBrowser :144 - Verifying 'Add to cart success' message....
2023-12-18 01:12:299 INFO  ManageBrowser :150 - Clicking on 'Shopping cart' link in success message....
2023-12-18 01:12:786 INFO  ManageBrowser :156 - Verifying product details in the cart....
2023-12-18 01:12:155 INFO  ManageBrowser :27 - Chrome Browser Launch....
2023-12-18 01:12:88 INFO  ManageBrowser :23 - Opening homepage....
2023-12-18 01:12:91 INFO  ManageBrowser :63 - Clicking on Desktops tab on top menu....
2023-12-18 01:12:280 INFO  ManageBrowser :80 - Selecting 'Show AllDesktops' from drop down....
2023-12-18 01:12:854 INFO  ManageBrowser :96 - Selecting currency from drop down....
2023-12-18 01:12:590 INFO  ManageBrowser :26 - Selecting option from 'Sort By' drop down....
2023-12-18 01:12:04 INFO  ManageBrowser :110 - Selecting the required product from the resulting products....
2023-12-18 01:12:874 INFO  ManageBrowser :130 - Entering quantity....
2023-12-18 01:12:977 INFO  ManageBrowser :137 - Clicking on add to cart button....
2023-12-18 01:12:25 INFO  ManageBrowser :144 - Verifying 'Add to cart success' message....
2023-12-18 01:12:258 INFO  ManageBrowser :150 - Clicking on 'Shopping cart' link in success message....
2023-12-18 01:12:635 INFO  ManageBrowser :156 - Verifying product details in the cart....
2023-12-18 01:12:855 INFO  ManageBrowser :27 - Chrome Browser Launch....
2023-12-18 01:12:418 INFO  ManageBrowser :23 - Opening homepage....
2023-12-18 01:12:422 INFO  ManageBrowser :63 - Clicking on Desktops tab on top menu....
2023-12-18 01:12:591 INFO  ManageBrowser :80 - Selecting 'Show AllDesktops' from drop down....
2023-12-18 01:12:312 INFO  ManageBrowser :96 - Selecting currency from drop down....
2023-12-18 01:12:19 INFO  ManageBrowser :26 - Selecting option from 'Sort By' drop down....
2023-12-18 01:12:414 INFO  ManageBrowser :110 - Selecting the required product from the resulting products....
2023-12-18 01:12:180 INFO  ManageBrowser :130 - Entering quantity....
2023-12-18 01:12:280 INFO  ManageBrowser :137 - Clicking on add to cart button....
2023-12-18 01:12:338 INFO  ManageBrowser :144 - Verifying 'Add to cart success' message....
2023-12-18 01:12:557 INFO  ManageBrowser :150 - Clicking on 'Shopping cart' link in success message....
2023-12-18 01:12:907 INFO  ManageBrowser :156 - Verifying product details in the cart....
2023-12-18 01:12:964 INFO  ManageBrowser :27 - Chrome Browser Launch....
2023-12-18 01:12:595 INFO  ManageBrowser :23 - Opening homepage....
2023-12-18 01:12:595 INFO  ManageBrowser :63 - Clicking on Desktops tab on top menu....
2023-12-18 01:12:764 INFO  ManageBrowser :80 - Selecting 'Show AllDesktops' from drop down....
2023-12-18 01:12:469 INFO  ManageBrowser :96 - Selecting currency from drop down....
2023-12-18 01:12:212 INFO  ManageBrowser :26 - Selecting option from 'Sort By' drop down....
2023-12-18 01:12:601 INFO  ManageBrowser :110 - Selecting the required product from the resulting products....
2023-12-18 01:12:933 INFO  ManageBrowser :130 - Entering quantity....
2023-12-18 01:12:35 INFO  ManageBrowser :137 - Clicking on add to cart button....
2023-12-18 01:12:191 INFO  ManageBrowser :144 - Verifying 'Add to cart success' message....
2023-12-18 01:12:447 INFO  ManageBrowser :150 - Clicking on 'Shopping cart' link in success message....
2023-12-18 01:12:807 INFO  ManageBrowser :156 - Verifying product details in the cart....
2023-12-18 01:12:682 INFO  ManageBrowser :27 - Chrome Browser Launch....
2023-12-18 01:12:564 INFO  ManageBrowser :23 - Opening homepage....
2023-12-18 01:12:565 INFO  ManageBrowser :63 - Clicking on Desktops tab on top menu....
2023-12-18 01:12:812 INFO  ManageBrowser :80 - Selecting 'Show AllDesktops' from drop down....
2023-12-18 01:12:694 INFO  ManageBrowser :96 - Selecting currency from drop down....
2023-12-18 01:12:931 INFO  ManageBrowser :26 - Selecting option from 'Sort By' drop down....
2023-12-18 01:12:398 INFO  ManageBrowser :110 - Selecting the required product from the resulting products....
2023-12-18 01:12:949 INFO  ManageBrowser :130 - Entering quantity....
2023-12-18 01:12:102 INFO  ManageBrowser :137 - Clicking on add to cart button....
2023-12-18 01:12:205 INFO  ManageBrowser :144 - Verifying 'Add to cart success' message....
2023-12-18 01:12:464 INFO  ManageBrowser :150 - Clicking on 'Shopping cart' link in success message....
2023-12-18 01:12:966 INFO  ManageBrowser :156 - Verifying product details in the cart....
2023-12-18 01:12:375 INFO  ManageBrowser :27 - Chrome Browser Launch....
2023-12-18 01:12:366 INFO  ManageBrowser :23 - Opening homepage....
2023-12-18 01:12:371 INFO  ManageBrowser :63 - Clicking on Desktops tab on top menu....
2023-12-18 01:12:556 INFO  ManageBrowser :80 - Selecting 'Show AllDesktops' from drop down....
2023-12-18 01:12:260 INFO  ManageBrowser :96 - Selecting currency from drop down....
2023-12-18 01:12:962 INFO  ManageBrowser :26 - Selecting option from 'Sort By' drop down....
2023-12-18 01:12:335 INFO  ManageBrowser :110 - Selecting the required product from the resulting products....
2023-12-18 01:12:518 INFO  ManageBrowser :130 - Entering quantity....
2023-12-18 01:12:617 INFO  ManageBrowser :137 - Clicking on add to cart button....
2023-12-18 01:12:661 INFO  ManageBrowser :144 - Verifying 'Add to cart success' message....
2023-12-18 01:12:936 INFO  ManageBrowser :150 - Clicking on 'Shopping cart' link in success message....
2023-12-18 01:12:259 INFO  ManageBrowser :156 - Verifying product details in the cart....
2023-12-18 01:12:442 INFO  ManageBrowser :27 - Chrome Browser Launch....
2023-12-18 01:12:458 INFO  ManageBrowser :23 - Opening homepage....
2023-12-18 01:12:460 INFO  ManageBrowser :63 - Clicking on Desktops tab on top menu....
2023-12-18 01:12:630 INFO  ManageBrowser :80 - Selecting 'Show AllDesktops' from drop down....
2023-12-18 01:12:997 INFO  ManageBrowser :96 - Selecting currency from drop down....
2023-12-18 01:12:328 INFO  ManageBrowser :26 - Selecting option from 'Sort By' drop down....
2023-12-18 01:12:757 INFO  ManageBrowser :110 - Selecting the required product from the resulting products....
2023-12-18 01:12:200 INFO  ManageBrowser :130 - Entering quantity....
2023-12-18 01:12:301 INFO  ManageBrowser :137 - Clicking on add to cart button....
2023-12-18 01:12:349 INFO  ManageBrowser :144 - Verifying 'Add to cart success' message....
2023-12-18 01:12:612 INFO  ManageBrowser :150 - Clicking on 'Shopping cart' link in success message....
2023-12-18 01:12:963 INFO  ManageBrowser :156 - Verifying product details in the cart....
2023-12-18 01:12:242 INFO  ManageBrowser :27 - Chrome Browser Launch....
2023-12-18 01:12:293 INFO  ManageBrowser :23 - Opening homepage....
2023-12-18 01:12:294 INFO  ManageBrowser :63 - Clicking on Desktops tab on top menu....
2023-12-18 01:12:481 INFO  ManageBrowser :80 - Selecting 'Show AllDesktops' from drop down....
2023-12-18 01:12:235 INFO  ManageBrowser :96 - Selecting currency from drop down....
2023-12-18 01:12:35 INFO  ManageBrowser :26 - Selecting option from 'Sort By' drop down....
2023-12-18 01:12:448 INFO  ManageBrowser :110 - Selecting the required product from the resulting products....
2023-12-18 01:12:618 INFO  ManageBrowser :130 - Entering quantity....
2023-12-18 01:12:873 INFO  ManageBrowser :137 - Clicking on add to cart button....
2023-12-18 01:12:95 INFO  ManageBrowser :144 - Verifying 'Add to cart success' message....
2023-12-18 01:12:323 INFO  ManageBrowser :150 - Clicking on 'Shopping cart' link in success message....
2023-12-18 01:12:696 INFO  ManageBrowser :156 - Verifying product details in the cart....
2023-12-18 01:12:658 INFO  ManageBrowser :27 - Chrome Browser Launch....
2023-12-18 01:12:770 INFO  ManageBrowser :23 - Opening homepage....
2023-12-18 01:12:772 INFO  ManageBrowser :63 - Clicking on Desktops tab on top menu....
2023-12-18 01:12:26 INFO  ManageBrowser :80 - Selecting 'Show AllDesktops' from drop down....
2023-12-18 01:12:723 INFO  ManageBrowser :96 - Selecting currency from drop down....
2023-12-18 01:12:439 INFO  ManageBrowser :26 - Selecting option from 'Sort By' drop down....
2023-12-18 01:12:913 INFO  ManageBrowser :110 - Selecting the required product from the resulting products....
2023-12-18 01:12:248 INFO  ManageBrowser :130 - Entering quantity....
2023-12-18 01:12:338 INFO  ManageBrowser :137 - Clicking on add to cart button....
2023-12-18 01:12:403 INFO  ManageBrowser :144 - Verifying 'Add to cart success' message....
2023-12-18 01:12:837 INFO  ManageBrowser :27 - Chrome Browser Launch....
2023-12-18 01:12:790 INFO  ManageBrowser :23 - Opening homepage....
2023-12-18 01:12:791 INFO  ManageBrowser :63 - Clicking on Desktops tab on top menu....
2023-12-18 01:12:981 INFO  ManageBrowser :80 - Selecting 'Show AllDesktops' from drop down....
2023-12-18 01:12:936 INFO  ManageBrowser :27 - Chrome Browser Launch....
2023-12-18 01:12:890 INFO  ManageBrowser :23 - Opening homepage....
2023-12-18 01:12:892 INFO  ManageBrowser :63 - Clicking on Laptops & Notebooks tab on top menu....
2023-12-18 01:12:111 INFO  ManageBrowser :80 - Selecting 'Show AllLaptops & Notebooks' from drop down....
2023-12-18 01:12:642 INFO  ManageBrowser :27 - Chrome Browser Launch....
2023-12-18 01:12:639 INFO  ManageBrowser :23 - Opening homepage....
2023-12-18 01:12:643 INFO  ManageBrowser :63 - Clicking on Desktops tab on top menu....
2023-12-18 01:12:837 INFO  ManageBrowser :80 - Selecting 'Show AllDesktops' from drop down....
2023-12-18 01:12:792 INFO  ManageBrowser :27 - Chrome Browser Launch....
2023-12-18 01:12:817 INFO  ManageBrowser :23 - Opening homepage....
2023-12-18 01:12:824 INFO  ManageBrowser :63 - Clicking on Laptops & Notebooks tab on top menu....
2023-12-18 01:12:44 INFO  ManageBrowser :80 - Selecting 'Show AllLaptops & Notebooks' from drop down....
2023-12-18 01:12:967 INFO  ManageBrowser :27 - Chrome Browser Launch....
2023-12-18 01:12:968 INFO  ManageBrowser :23 - Opening homepage....
2023-12-18 01:12:975 INFO  ManageBrowser :63 - Clicking on Laptops & Notebooks tab on top menu....
2023-12-18 01:12:166 INFO  ManageBrowser :80 - Selecting 'Show AllLaptops & Notebooks' from drop down....
2023-12-18 02:12:492 INFO  ManageBrowser :27 - Chrome Browser Launch....
2023-12-18 02:12:428 INFO  ManageBrowser :23 - Opening homepage....
2023-12-18 02:12:430 INFO  ManageBrowser :63 - Clicking on Laptops & Notebooks tab on top menu....
2023-12-18 02:12:624 INFO  ManageBrowser :80 - Selecting 'Show AllLaptops & Notebooks' from drop down....
2023-12-18 02:12:555 INFO  ManageBrowser :27 - Chrome Browser Launch....
2023-12-18 02:12:627 INFO  ManageBrowser :23 - Opening homepage....
2023-12-18 02:12:629 INFO  ManageBrowser :63 - Clicking on Laptops & Notebooks tab on top menu....
2023-12-18 02:12:828 INFO  ManageBrowser :80 - Selecting 'Show AllLaptops & Notebooks' from drop down....
2023-12-18 02:12:959 INFO  ManageBrowser :27 - Chrome Browser Launch....
2023-12-18 02:12:936 INFO  ManageBrowser :23 - Opening homepage....
2023-12-18 02:12:940 INFO  ManageBrowser :63 - Clicking on Laptops & Notebooks tab on top menu....
2023-12-18 02:12:140 INFO  ManageBrowser :80 - Selecting 'Show AllLaptops & Notebooks' from drop down....
2023-12-18 09:12:226 INFO  ManageBrowser :27 - Chrome Browser Launch....
2023-12-18 09:12:201 INFO  ManageBrowser :23 - Opening homepage....
2023-12-18 09:12:206 INFO  ManageBrowser :63 - Clicking on Laptops & Notebooks tab on top menu....
2023-12-18 09:12:533 INFO  ManageBrowser :80 - Selecting 'Show AllLaptops & Notebooks' from drop down....
2023-12-18 09:12:158 INFO  ManageBrowser :41 - Selecting 'Sort By' filter option....
2023-12-18 09:12:607 INFO  ManageBrowser :68 - Verifying the order of products result....
2023-12-18 09:12:799 INFO  ManageBrowser :27 - Chrome Browser Launch....
2023-12-18 09:12:654 INFO  ManageBrowser :23 - Opening homepage....
2023-12-18 09:12:656 INFO  ManageBrowser :63 - Clicking on Laptops & Notebooks tab on top menu....
2023-12-18 09:12:873 INFO  ManageBrowser :80 - Selecting 'Show AllLaptops & Notebooks' from drop down....
2023-12-18 09:12:468 INFO  ManageBrowser :42 - Selecting 'Sort By' filter option....
2023-12-18 09:12:948 INFO  ManageBrowser :69 - Verifying the order of products result....
2023-12-18 09:12:760 INFO  ManageBrowser :27 - Chrome Browser Launch....
2023-12-18 09:12:556 INFO  ManageBrowser :23 - Opening homepage....
2023-12-18 09:12:557 INFO  ManageBrowser :63 - Clicking on Laptops & Notebooks tab on top menu....
2023-12-18 09:12:731 INFO  ManageBrowser :80 - Selecting 'Show AllLaptops & Notebooks' from drop down....
2023-12-18 09:12:308 INFO  ManageBrowser :42 - Selecting 'Sort By' filter option....
2023-12-18 09:12:705 INFO  ManageBrowser :75 - Selecting a product from the filtered result....
2023-12-18 09:12:567 INFO  ManageBrowser :82 - Verifying the product page heading....
2023-12-18 09:12:824 INFO  ManageBrowser :27 - Chrome Browser Launch....
2023-12-18 09:12:642 INFO  ManageBrowser :23 - Opening homepage....
2023-12-18 09:12:649 INFO  ManageBrowser :63 - Clicking on Laptops & Notebooks tab on top menu....
2023-12-18 09:12:871 INFO  ManageBrowser :80 - Selecting 'Show AllLaptops & Notebooks' from drop down....
2023-12-18 09:12:465 INFO  ManageBrowser :42 - Selecting 'Sort By' filter option....
2023-12-18 09:12:924 INFO  ManageBrowser :75 - Selecting a product from the filtered result....
2023-12-18 09:12:764 INFO  ManageBrowser :88 - Clicking on 'Add to cart' button....
2023-12-18 09:12:847 INFO  ManageBrowser :94 - Verifying add to cart success message....
2023-12-18 09:12:837 INFO  ManageBrowser :27 - Chrome Browser Launch....
2023-12-18 09:12:722 INFO  ManageBrowser :23 - Opening homepage....
2023-12-18 09:12:722 INFO  ManageBrowser :63 - Clicking on Laptops & Notebooks tab on top menu....
2023-12-18 09:12:962 INFO  ManageBrowser :80 - Selecting 'Show AllLaptops & Notebooks' from drop down....
2023-12-18 09:12:636 INFO  ManageBrowser :42 - Selecting 'Sort By' filter option....
2023-12-18 09:12:119 INFO  ManageBrowser :75 - Selecting a product from the filtered result....
2023-12-18 09:12:10 INFO  ManageBrowser :88 - Clicking on 'Add to cart' button....
2023-12-18 09:12:114 INFO  ManageBrowser :94 - Verifying add to cart success message....
2023-12-18 09:12:366 INFO  ManageBrowser :27 - Chrome Browser Launch....
2023-12-18 09:12:384 INFO  ManageBrowser :23 - Opening homepage....
2023-12-18 09:12:386 INFO  ManageBrowser :63 - Clicking on Laptops & Notebooks tab on top menu....
2023-12-18 09:12:604 INFO  ManageBrowser :80 - Selecting 'Show AllLaptops & Notebooks' from drop down....
2023-12-18 09:12:227 INFO  ManageBrowser :42 - Selecting 'Sort By' filter option....
2023-12-18 09:12:675 INFO  ManageBrowser :75 - Selecting a product from the filtered result....
2023-12-18 09:12:545 INFO  ManageBrowser :88 - Clicking on 'Add to cart' button....
2023-12-18 09:12:655 INFO  ManageBrowser :150 - Clicking on 'Shopping cart' link in success message....
2023-12-18 09:12:528 INFO  ManageBrowser :27 - Chrome Browser Launch....
2023-12-18 09:12:420 INFO  ManageBrowser :23 - Opening homepage....
2023-12-18 09:12:423 INFO  ManageBrowser :63 - Clicking on Laptops & Notebooks tab on top menu....
2023-12-18 09:12:633 INFO  ManageBrowser :80 - Selecting 'Show AllLaptops & Notebooks' from drop down....
2023-12-18 09:12:214 INFO  ManageBrowser :43 - Selecting 'Sort By' filter option....
2023-12-18 09:12:689 INFO  ManageBrowser :76 - Selecting a product from the filtered result....
2023-12-18 09:12:392 INFO  ManageBrowser :89 - Clicking on 'Add to cart' button....
2023-12-18 09:12:481 INFO  ManageBrowser :150 - Clicking on 'Shopping cart' link in success message....
2023-12-18 09:12:78 INFO  ManageBrowser :101 - Verifying shopping cart heading text and product name in the cart....
2023-12-18 09:12:633 INFO  ManageBrowser :27 - Chrome Browser Launch....
2023-12-18 09:12:621 INFO  ManageBrowser :23 - Opening homepage....
2023-12-18 09:12:624 INFO  ManageBrowser :63 - Clicking on Laptops & Notebooks tab on top menu....
2023-12-18 09:12:836 INFO  ManageBrowser :80 - Selecting 'Show AllLaptops & Notebooks' from drop down....
2023-12-18 09:12:450 INFO  ManageBrowser :43 - Selecting 'Sort By' filter option....
2023-12-18 09:12:883 INFO  ManageBrowser :76 - Selecting a product from the filtered result....
2023-12-18 09:12:775 INFO  ManageBrowser :89 - Clicking on 'Add to cart' button....
2023-12-18 09:12:873 INFO  ManageBrowser :150 - Clicking on 'Shopping cart' link in success message....
2023-12-18 09:12:527 INFO  ManageBrowser :101 - Verifying shopping cart heading text and product name in the cart....
2023-12-18 09:12:24 INFO  ManageBrowser :27 - Chrome Browser Launch....
2023-12-18 09:12:865 INFO  ManageBrowser :23 - Opening homepage....
2023-12-18 09:12:868 INFO  ManageBrowser :63 - Clicking on Laptops & Notebooks tab on top menu....
2023-12-18 09:12:91 INFO  ManageBrowser :80 - Selecting 'Show AllLaptops & Notebooks' from drop down....
2023-12-18 09:12:688 INFO  ManageBrowser :43 - Selecting 'Sort By' filter option....
2023-12-18 09:12:179 INFO  ManageBrowser :76 - Selecting a product from the filtered result....
2023-12-18 09:12:32 INFO  ManageBrowser :89 - Clicking on 'Add to cart' button....
2023-12-18 09:12:447 INFO  ManageBrowser :150 - Clicking on 'Shopping cart' link in success message....
2023-12-18 09:12:832 INFO  ManageBrowser :101 - Verifying shopping cart heading text and product name in the cart....
2023-12-18 09:12:738 INFO  ManageBrowser :27 - Chrome Browser Launch....
2023-12-18 09:12:628 INFO  ManageBrowser :23 - Opening homepage....
2023-12-18 09:12:632 INFO  ManageBrowser :63 - Clicking on Laptops & Notebooks tab on top menu....
2023-12-18 09:12:872 INFO  ManageBrowser :80 - Selecting 'Show AllLaptops & Notebooks' from drop down....
2023-12-18 09:12:449 INFO  ManageBrowser :43 - Selecting 'Sort By' filter option....
2023-12-18 09:12:899 INFO  ManageBrowser :76 - Selecting a product from the filtered result....
2023-12-18 09:12:798 INFO  ManageBrowser :89 - Clicking on 'Add to cart' button....
2023-12-18 09:12:885 INFO  ManageBrowser :150 - Clicking on 'Shopping cart' link in success message....
2023-12-18 09:12:678 INFO  ManageBrowser :27 - Chrome Browser Launch....
2023-12-18 09:12:631 INFO  ManageBrowser :23 - Opening homepage....
2023-12-18 09:12:634 INFO  ManageBrowser :63 - Clicking on Laptops & Notebooks tab on top menu....
2023-12-18 09:12:852 INFO  ManageBrowser :80 - Selecting 'Show AllLaptops & Notebooks' from drop down....
2023-12-18 09:12:431 INFO  ManageBrowser :44 - Selecting 'Sort By' filter option....
2023-12-18 09:12:914 INFO  ManageBrowser :77 - Selecting a product from the filtered result....
2023-12-18 09:12:591 INFO  ManageBrowser :90 - Clicking on 'Add to cart' button....
2023-12-18 09:12:662 INFO  ManageBrowser :150 - Clicking on 'Shopping cart' link in success message....
2023-12-18 09:12:259 INFO  ManageBrowser :109 - Updating quantity....
2023-12-18 09:12:413 INFO  ManageBrowser :115 - Updating the shopping cart....
2023-12-18 09:12:657 INFO  ManageBrowser :27 - Chrome Browser Launch....
2023-12-18 09:12:735 INFO  ManageBrowser :23 - Opening homepage....
2023-12-18 09:12:736 INFO  ManageBrowser :63 - Clicking on Laptops & Notebooks tab on top menu....
2023-12-18 09:12:923 INFO  ManageBrowser :80 - Selecting 'Show AllLaptops & Notebooks' from drop down....
2023-12-18 09:12:486 INFO  ManageBrowser :44 - Selecting 'Sort By' filter option....
2023-12-18 09:12:923 INFO  ManageBrowser :77 - Selecting a product from the filtered result....
2023-12-18 09:12:637 INFO  ManageBrowser :90 - Clicking on 'Add to cart' button....
2023-12-18 09:12:725 INFO  ManageBrowser :150 - Clicking on 'Shopping cart' link in success message....
2023-12-18 09:12:350 INFO  ManageBrowser :109 - Updating quantity....
2023-12-18 09:12:481 INFO  ManageBrowser :115 - Updating the shopping cart....
2023-12-18 10:12:77 INFO  ManageBrowser :27 - Chrome Browser Launch....
2023-12-18 10:12:993 INFO  ManageBrowser :23 - Opening homepage....
2023-12-18 10:12:994 INFO  ManageBrowser :63 - Clicking on Laptops & Notebooks tab on top menu....
2023-12-18 10:12:240 INFO  ManageBrowser :80 - Selecting 'Show AllLaptops & Notebooks' from drop down....
2023-12-18 10:12:855 INFO  ManageBrowser :44 - Selecting 'Sort By' filter option....
2023-12-18 10:12:320 INFO  ManageBrowser :77 - Selecting a product from the filtered result....
2023-12-18 10:12:163 INFO  ManageBrowser :90 - Clicking on 'Add to cart' button....
2023-12-18 10:12:245 INFO  ManageBrowser :150 - Clicking on 'Shopping cart' link in success message....
2023-12-18 10:12:828 INFO  ManageBrowser :109 - Updating quantity....
2023-12-18 10:12:945 INFO  ManageBrowser :115 - Updating the shopping cart....
2023-12-18 10:12:882 INFO  ManageBrowser :27 - Chrome Browser Launch....
2023-12-18 10:12:732 INFO  ManageBrowser :23 - Opening homepage....
2023-12-18 10:12:734 INFO  ManageBrowser :63 - Clicking on Laptops & Notebooks tab on top menu....
2023-12-18 10:12:05 INFO  ManageBrowser :80 - Selecting 'Show AllLaptops & Notebooks' from drop down....
2023-12-18 10:12:545 INFO  ManageBrowser :44 - Selecting 'Sort By' filter option....
2023-12-18 10:12:998 INFO  ManageBrowser :77 - Selecting a product from the filtered result....
2023-12-18 10:12:884 INFO  ManageBrowser :90 - Clicking on 'Add to cart' button....
2023-12-18 10:12:983 INFO  ManageBrowser :150 - Clicking on 'Shopping cart' link in success message....
2023-12-18 10:12:586 INFO  ManageBrowser :109 - Updating quantity....
2023-12-18 10:12:764 INFO  ManageBrowser :115 - Updating the shopping cart....
2023-12-18 10:12:928 INFO  ManageBrowser :27 - Chrome Browser Launch....
2023-12-18 10:12:821 INFO  ManageBrowser :23 - Opening homepage....
2023-12-18 10:12:824 INFO  ManageBrowser :63 - Clicking on Laptops & Notebooks tab on top menu....
2023-12-18 10:12:14 INFO  ManageBrowser :80 - Selecting 'Show AllLaptops & Notebooks' from drop down....
2023-12-18 10:12:884 INFO  ManageBrowser :45 - Selecting 'Sort By' filter option....
2023-12-18 10:12:319 INFO  ManageBrowser :78 - Selecting a product from the filtered result....
2023-12-18 10:12:204 INFO  ManageBrowser :91 - Clicking on 'Add to cart' button....
2023-12-18 10:12:309 INFO  ManageBrowser :150 - Clicking on 'Shopping cart' link in success message....
2023-12-18 10:12:907 INFO  ManageBrowser :110 - Updating quantity....
2023-12-18 10:12:93 INFO  ManageBrowser :116 - Updating the shopping cart....
2023-12-18 10:12:704 INFO  ManageBrowser :129 - Clicking on checkout button....
2023-12-18 10:12:98 INFO  ManageBrowser :135 - Verifying 'Checkout' page heading....
2023-12-18 10:12:149 INFO  ManageBrowser :141 - Verifying 'New Customer' checkout option....
2023-12-18 10:12:756 INFO  ManageBrowser :27 - Chrome Browser Launch....
2023-12-18 10:12:720 INFO  ManageBrowser :23 - Opening homepage....
2023-12-18 10:12:721 INFO  ManageBrowser :63 - Clicking on Laptops & Notebooks tab on top menu....
2023-12-18 10:12:935 INFO  ManageBrowser :80 - Selecting 'Show AllLaptops & Notebooks' from drop down....
2023-12-18 10:12:532 INFO  ManageBrowser :46 - Selecting 'Sort By' filter option....
2023-12-18 10:12:981 INFO  ManageBrowser :79 - Selecting a product from the filtered result....
2023-12-18 10:12:850 INFO  ManageBrowser :92 - Clicking on 'Add to cart' button....
2023-12-18 10:12:932 INFO  ManageBrowser :150 - Clicking on 'Shopping cart' link in success message....
2023-12-18 10:12:572 INFO  ManageBrowser :111 - Updating quantity....
2023-12-18 10:12:711 INFO  ManageBrowser :117 - Updating the shopping cart....
2023-12-18 10:12:280 INFO  ManageBrowser :130 - Clicking on checkout button....
2023-12-18 10:12:660 INFO  ManageBrowser :148 - Checking out as Guest....
2023-12-18 10:12:607 INFO  ManageBrowser :27 - Chrome Browser Launch....
2023-12-18 10:12:566 INFO  ManageBrowser :23 - Opening homepage....
2023-12-18 10:12:574 INFO  ManageBrowser :63 - Clicking on Laptops & Notebooks tab on top menu....
2023-12-18 10:12:778 INFO  ManageBrowser :80 - Selecting 'Show AllLaptops & Notebooks' from drop down....
2023-12-18 10:12:400 INFO  ManageBrowser :46 - Selecting 'Sort By' filter option....
2023-12-18 10:12:907 INFO  ManageBrowser :79 - Selecting a product from the filtered result....
2023-12-18 10:12:777 INFO  ManageBrowser :92 - Clicking on 'Add to cart' button....
2023-12-18 10:12:881 INFO  ManageBrowser :150 - Clicking on 'Shopping cart' link in success message....
2023-12-18 10:12:467 INFO  ManageBrowser :111 - Updating quantity....
2023-12-18 10:12:658 INFO  ManageBrowser :117 - Updating the shopping cart....
2023-12-18 10:12:232 INFO  ManageBrowser :130 - Clicking on checkout button....
2023-12-18 10:12:619 INFO  ManageBrowser :148 - Checking out as Guest....
2023-12-18 10:12:680 INFO  ManageBrowser :27 - Chrome Browser Launch....
2023-12-18 10:12:528 INFO  ManageBrowser :23 - Opening homepage....
2023-12-18 10:12:531 INFO  ManageBrowser :63 - Clicking on Laptops & Notebooks tab on top menu....
2023-12-18 10:12:747 INFO  ManageBrowser :80 - Selecting 'Show AllLaptops & Notebooks' from drop down....
2023-12-18 10:12:299 INFO  ManageBrowser :46 - Selecting 'Sort By' filter option....
2023-12-18 10:12:749 INFO  ManageBrowser :79 - Selecting a product from the filtered result....
2023-12-18 10:12:443 INFO  ManageBrowser :92 - Clicking on 'Add to cart' button....
2023-12-18 10:12:541 INFO  ManageBrowser :150 - Clicking on 'Shopping cart' link in success message....
2023-12-18 10:12:127 INFO  ManageBrowser :111 - Updating quantity....
2023-12-18 10:12:283 INFO  ManageBrowser :117 - Updating the shopping cart....
2023-12-18 10:12:878 INFO  ManageBrowser :130 - Clicking on checkout button....
2023-12-18 10:12:268 INFO  ManageBrowser :154 - Checking out as Guest....
2023-12-18 10:12:482 INFO  ManageBrowser :162 - Entering details....
2023-12-18 10:12:190 INFO  ManageBrowser :27 - Chrome Browser Launch....
2023-12-18 10:12:296 INFO  ManageBrowser :23 - Opening homepage....
2023-12-18 10:12:299 INFO  ManageBrowser :63 - Clicking on Laptops & Notebooks tab on top menu....
2023-12-18 10:12:637 INFO  ManageBrowser :80 - Selecting 'Show AllLaptops & Notebooks' from drop down....
2023-12-18 10:12:230 INFO  ManageBrowser :46 - Selecting 'Sort By' filter option....
2023-12-18 10:12:715 INFO  ManageBrowser :79 - Selecting a product from the filtered result....
2023-12-18 10:12:568 INFO  ManageBrowser :92 - Clicking on 'Add to cart' button....
2023-12-18 10:12:672 INFO  ManageBrowser :150 - Clicking on 'Shopping cart' link in success message....
2023-12-18 10:12:389 INFO  ManageBrowser :111 - Updating quantity....
2023-12-18 10:12:530 INFO  ManageBrowser :117 - Updating the shopping cart....
2023-12-18 10:12:222 INFO  ManageBrowser :130 - Clicking on checkout button....
2023-12-18 10:12:583 INFO  ManageBrowser :154 - Checking out as Guest....
2023-12-18 10:12:481 INFO  ManageBrowser :27 - Chrome Browser Launch....
2023-12-18 10:12:469 INFO  ManageBrowser :23 - Opening homepage....
2023-12-18 10:12:472 INFO  ManageBrowser :63 - Clicking on Laptops & Notebooks tab on top menu....
2023-12-18 10:12:689 INFO  ManageBrowser :80 - Selecting 'Show AllLaptops & Notebooks' from drop down....
2023-12-18 10:12:344 INFO  ManageBrowser :46 - Selecting 'Sort By' filter option....
2023-12-18 10:12:828 INFO  ManageBrowser :79 - Selecting a product from the filtered result....
2023-12-18 10:12:677 INFO  ManageBrowser :92 - Clicking on 'Add to cart' button....
2023-12-18 10:12:754 INFO  ManageBrowser :150 - Clicking on 'Shopping cart' link in success message....
2023-12-18 10:12:348 INFO  ManageBrowser :111 - Updating quantity....
2023-12-18 10:12:539 INFO  ManageBrowser :117 - Updating the shopping cart....
2023-12-18 10:12:111 INFO  ManageBrowser :130 - Clicking on checkout button....
2023-12-18 10:12:479 INFO  ManageBrowser :154 - Checking out as Guest....
2023-12-18 10:12:520 INFO  ManageBrowser :27 - Chrome Browser Launch....
2023-12-18 10:12:460 INFO  ManageBrowser :23 - Opening homepage....
2023-12-18 10:12:462 INFO  ManageBrowser :63 - Clicking on Laptops & Notebooks tab on top menu....
2023-12-18 10:12:683 INFO  ManageBrowser :80 - Selecting 'Show AllLaptops & Notebooks' from drop down....
2023-12-18 10:12:324 INFO  ManageBrowser :46 - Selecting 'Sort By' filter option....
2023-12-18 10:12:769 INFO  ManageBrowser :79 - Selecting a product from the filtered result....
2023-12-18 10:12:646 INFO  ManageBrowser :92 - Clicking on 'Add to cart' button....
2023-12-18 10:12:747 INFO  ManageBrowser :150 - Clicking on 'Shopping cart' link in success message....
2023-12-18 10:12:400 INFO  ManageBrowser :111 - Updating quantity....
2023-12-18 10:12:551 INFO  ManageBrowser :117 - Updating the shopping cart....
2023-12-18 10:12:109 INFO  ManageBrowser :130 - Clicking on checkout button....
2023-12-18 10:12:485 INFO  ManageBrowser :154 - Checking out as Guest....
2023-12-18 10:12:343 INFO  ManageBrowser :27 - Chrome Browser Launch....
2023-12-18 10:12:361 INFO  ManageBrowser :23 - Opening homepage....
2023-12-18 10:12:369 INFO  ManageBrowser :63 - Clicking on Laptops & Notebooks tab on top menu....
2023-12-18 10:12:570 INFO  ManageBrowser :80 - Selecting 'Show AllLaptops & Notebooks' from drop down....
2023-12-18 10:12:205 INFO  ManageBrowser :46 - Selecting 'Sort By' filter option....
2023-12-18 10:12:628 INFO  ManageBrowser :79 - Selecting a product from the filtered result....
2023-12-18 10:12:484 INFO  ManageBrowser :92 - Clicking on 'Add to cart' button....
2023-12-18 10:12:569 INFO  ManageBrowser :150 - Clicking on 'Shopping cart' link in success message....
2023-12-18 10:12:163 INFO  ManageBrowser :111 - Updating quantity....
2023-12-18 10:12:352 INFO  ManageBrowser :117 - Updating the shopping cart....
2023-12-18 10:12:931 INFO  ManageBrowser :130 - Clicking on checkout button....
2023-12-18 10:12:291 INFO  ManageBrowser :154 - Checking out as Guest....
2023-12-18 11:12:524 INFO  ManageBrowser :27 - Chrome Browser Launch....
2023-12-18 11:12:596 INFO  ManageBrowser :23 - Opening homepage....
2023-12-18 11:12:598 INFO  ManageBrowser :63 - Clicking on Laptops & Notebooks tab on top menu....
2023-12-18 11:12:812 INFO  ManageBrowser :80 - Selecting 'Show AllLaptops & Notebooks' from drop down....
2023-12-18 11:12:403 INFO  ManageBrowser :46 - Selecting 'Sort By' filter option....
2023-12-18 11:12:871 INFO  ManageBrowser :79 - Selecting a product from the filtered result....
2023-12-18 11:12:727 INFO  ManageBrowser :92 - Clicking on 'Add to cart' button....
2023-12-18 11:12:833 INFO  ManageBrowser :150 - Clicking on 'Shopping cart' link in success message....
2023-12-18 11:12:418 INFO  ManageBrowser :111 - Updating quantity....
2023-12-18 11:12:610 INFO  ManageBrowser :117 - Updating the shopping cart....
2023-12-18 11:12:191 INFO  ManageBrowser :130 - Clicking on checkout button....
2023-12-18 11:12:577 INFO  ManageBrowser :154 - Checking out as Guest....
2023-12-18 11:12:60 INFO  ManageBrowser :27 - Chrome Browser Launch....
2023-12-18 11:12:120 INFO  ManageBrowser :23 - Opening homepage....
2023-12-18 11:12:124 INFO  ManageBrowser :63 - Clicking on Laptops & Notebooks tab on top menu....
2023-12-18 11:12:330 INFO  ManageBrowser :80 - Selecting 'Show AllLaptops & Notebooks' from drop down....
2023-12-18 11:12:967 INFO  ManageBrowser :46 - Selecting 'Sort By' filter option....
2023-12-18 11:12:463 INFO  ManageBrowser :79 - Selecting a product from the filtered result....
2023-12-18 11:12:349 INFO  ManageBrowser :92 - Clicking on 'Add to cart' button....
2023-12-18 11:12:458 INFO  ManageBrowser :150 - Clicking on 'Shopping cart' link in success message....
2023-12-18 11:12:387 INFO  ManageBrowser :111 - Updating quantity....
2023-12-18 11:12:575 INFO  ManageBrowser :117 - Updating the shopping cart....
2023-12-18 11:12:173 INFO  ManageBrowser :130 - Clicking on checkout button....
2023-12-18 11:12:538 INFO  ManageBrowser :154 - Checking out as Guest....
2023-12-18 11:12:991 INFO  ManageBrowser :27 - Chrome Browser Launch....
2023-12-18 11:12:919 INFO  ManageBrowser :23 - Opening homepage....
2023-12-18 11:12:921 INFO  ManageBrowser :63 - Clicking on Laptops & Notebooks tab on top menu....
2023-12-18 11:12:382 INFO  ManageBrowser :80 - Selecting 'Show AllLaptops & Notebooks' from drop down....
2023-12-18 11:12:17 INFO  ManageBrowser :46 - Selecting 'Sort By' filter option....
2023-12-18 11:12:529 INFO  ManageBrowser :79 - Selecting a product from the filtered result....
2023-12-18 11:12:444 INFO  ManageBrowser :92 - Clicking on 'Add to cart' button....
2023-12-18 11:12:539 INFO  ManageBrowser :150 - Clicking on 'Shopping cart' link in success message....
2023-12-18 11:12:135 INFO  ManageBrowser :111 - Updating quantity....
2023-12-18 11:12:339 INFO  ManageBrowser :117 - Updating the shopping cart....
2023-12-18 11:12:997 INFO  ManageBrowser :130 - Clicking on checkout button....
2023-12-18 11:12:394 INFO  ManageBrowser :154 - Checking out as Guest....
2023-12-18 11:12:761 INFO  ManageBrowser :27 - Chrome Browser Launch....
2023-12-18 11:12:778 INFO  ManageBrowser :23 - Opening homepage....
2023-12-18 11:12:779 INFO  ManageBrowser :63 - Clicking on Laptops & Notebooks tab on top menu....
2023-12-18 11:12:987 INFO  ManageBrowser :80 - Selecting 'Show AllLaptops & Notebooks' from drop down....
2023-12-18 11:12:550 INFO  ManageBrowser :46 - Selecting 'Sort By' filter option....
2023-12-18 11:12:998 INFO  ManageBrowser :79 - Selecting a product from the filtered result....
2023-12-18 11:12:706 INFO  ManageBrowser :92 - Clicking on 'Add to cart' button....
2023-12-18 11:12:811 INFO  ManageBrowser :150 - Clicking on 'Shopping cart' link in success message....
2023-12-18 11:12:406 INFO  ManageBrowser :111 - Updating quantity....
2023-12-18 11:12:583 INFO  ManageBrowser :117 - Updating the shopping cart....
2023-12-18 11:12:161 INFO  ManageBrowser :130 - Clicking on checkout button....
2023-12-18 11:12:508 INFO  ManageBrowser :154 - Checking out as Guest....
2023-12-18 11:12:871 INFO  ManageBrowser :162 - Entering details....
2023-12-18 11:12:239 INFO  ManageBrowser :27 - Chrome Browser Launch....
2023-12-18 11:12:243 INFO  ManageBrowser :23 - Opening homepage....
2023-12-18 11:12:247 INFO  ManageBrowser :63 - Clicking on Laptops & Notebooks tab on top menu....
2023-12-18 11:12:475 INFO  ManageBrowser :80 - Selecting 'Show AllLaptops & Notebooks' from drop down....
2023-12-18 11:12:101 INFO  ManageBrowser :46 - Selecting 'Sort By' filter option....
2023-12-18 11:12:506 INFO  ManageBrowser :79 - Selecting a product from the filtered result....
2023-12-18 11:12:343 INFO  ManageBrowser :92 - Clicking on 'Add to cart' button....
2023-12-18 11:12:423 INFO  ManageBrowser :150 - Clicking on 'Shopping cart' link in success message....
2023-12-18 11:12:03 INFO  ManageBrowser :111 - Updating quantity....
2023-12-18 11:12:160 INFO  ManageBrowser :117 - Updating the shopping cart....
2023-12-18 11:12:714 INFO  ManageBrowser :130 - Clicking on checkout button....
2023-12-18 11:12:62 INFO  ManageBrowser :154 - Checking out as Guest....
2023-12-18 11:12:409 INFO  ManageBrowser :163 - Entering details....
2023-12-18 11:12:120 INFO  ManageBrowser :27 - Chrome Browser Launch....
2023-12-18 11:12:981 INFO  ManageBrowser :23 - Opening homepage....
2023-12-18 11:12:983 INFO  ManageBrowser :63 - Clicking on Laptops & Notebooks tab on top menu....
2023-12-18 11:12:195 INFO  ManageBrowser :80 - Selecting 'Show AllLaptops & Notebooks' from drop down....
2023-12-18 11:12:786 INFO  ManageBrowser :46 - Selecting 'Sort By' filter option....
2023-12-18 11:12:217 INFO  ManageBrowser :79 - Selecting a product from the filtered result....
2023-12-18 11:12:64 INFO  ManageBrowser :92 - Clicking on 'Add to cart' button....
2023-12-18 11:12:167 INFO  ManageBrowser :150 - Clicking on 'Shopping cart' link in success message....
2023-12-18 11:12:730 INFO  ManageBrowser :111 - Updating quantity....
2023-12-18 11:12:930 INFO  ManageBrowser :117 - Updating the shopping cart....
2023-12-18 11:12:502 INFO  ManageBrowser :130 - Clicking on checkout button....
2023-12-18 11:12:931 INFO  ManageBrowser :154 - Checking out as Guest....
2023-12-18 11:12:286 INFO  ManageBrowser :163 - Entering details....
2023-12-18 11:12:547 INFO  ManageBrowser :27 - Chrome Browser Launch....
2023-12-18 11:12:393 INFO  ManageBrowser :23 - Opening homepage....
2023-12-18 11:12:395 INFO  ManageBrowser :63 - Clicking on Laptops & Notebooks tab on top menu....
2023-12-18 11:12:608 INFO  ManageBrowser :80 - Selecting 'Show AllLaptops & Notebooks' from drop down....
2023-12-18 11:12:199 INFO  ManageBrowser :46 - Selecting 'Sort By' filter option....
2023-12-18 11:12:662 INFO  ManageBrowser :79 - Selecting a product from the filtered result....
2023-12-18 11:12:488 INFO  ManageBrowser :92 - Clicking on 'Add to cart' button....
2023-12-18 11:12:595 INFO  ManageBrowser :150 - Clicking on 'Shopping cart' link in success message....
2023-12-18 11:12:177 INFO  ManageBrowser :111 - Updating quantity....
2023-12-18 11:12:348 INFO  ManageBrowser :117 - Updating the shopping cart....
2023-12-18 11:12:928 INFO  ManageBrowser :130 - Clicking on checkout button....
2023-12-18 11:12:296 INFO  ManageBrowser :154 - Checking out as Guest....
2023-12-18 11:12:780 INFO  ManageBrowser :163 - Entering details....
2023-12-18 11:12:13 INFO  ManageBrowser :27 - Chrome Browser Launch....
2023-12-18 11:12:01 INFO  ManageBrowser :23 - Opening homepage....
2023-12-18 11:12:03 INFO  ManageBrowser :21 - Clicking on 'My Account' link....
2023-12-18 11:12:144 INFO  ManageBrowser :27 - Selecting from drop down option....
2023-12-18 11:12:925 INFO  ManageBrowser :27 - Chrome Browser Launch....
2023-12-18 11:12:07 INFO  ManageBrowser :23 - Opening homepage....
2023-12-18 11:12:08 INFO  ManageBrowser :21 - Clicking on 'My Account' link....
2023-12-18 11:12:178 INFO  ManageBrowser :27 - Selecting from drop down option....
2023-12-18 11:12:868 INFO  ManageBrowser :27 - Chrome Browser Launch....
2023-12-18 11:12:703 INFO  ManageBrowser :23 - Opening homepage....
2023-12-18 11:12:704 INFO  ManageBrowser :22 - Clicking on 'My Account' link....
2023-12-18 11:12:824 INFO  ManageBrowser :28 - Selecting from drop down option....
2023-12-18 11:12:163 INFO  ManageBrowser :47 - Verifying the page  sub heading....
2023-12-18 12:12:308 INFO  ManageBrowser :27 - Chrome Browser Launch....
2023-12-18 12:12:181 INFO  ManageBrowser :23 - Opening homepage....
2023-12-18 12:12:182 INFO  ManageBrowser :23 - Clicking on 'My Account' link....
2023-12-18 12:12:324 INFO  ManageBrowser :29 - Selecting from drop down option....
2023-12-18 12:12:865 INFO  ManageBrowser :54 - Entering registration details....
2023-12-18 12:12:539 INFO  ManageBrowser :27 - Chrome Browser Launch....
2023-12-18 12:12:386 INFO  ManageBrowser :23 - Opening homepage....
2023-12-18 12:12:388 INFO  ManageBrowser :24 - Clicking on 'My Account' link....
2023-12-18 12:12:543 INFO  ManageBrowser :30 - Selecting from drop down option....
2023-12-18 12:12:86 INFO  ManageBrowser :55 - Entering registration details....
2023-12-18 12:12:668 INFO  ManageBrowser :66 - Clicking on continue button....
2023-12-18 12:12:359 INFO  ManageBrowser :72 - Verifying 'account created' message....
2023-12-18 12:12:285 INFO  ManageBrowser :27 - Chrome Browser Launch....
2023-12-18 12:12:239 INFO  ManageBrowser :23 - Opening homepage....
2023-12-18 12:12:240 INFO  ManageBrowser :25 - Clicking on 'My Account' link....
2023-12-18 12:12:370 INFO  ManageBrowser :31 - Selecting from drop down option....
2023-12-18 12:12:903 INFO  ManageBrowser :56 - Entering registration details....
2023-12-18 12:12:582 INFO  ManageBrowser :67 - Clicking on continue button....
2023-12-18 12:12:673 INFO  ManageBrowser :25 - Clicking on 'My Account' link....
2023-12-18 12:12:791 INFO  ManageBrowser :31 - Selecting from drop down option....
2023-12-18 12:12:948 INFO  ManageBrowser :27 - Chrome Browser Launch....
2023-12-18 12:12:866 INFO  ManageBrowser :23 - Opening homepage....
2023-12-18 12:12:867 INFO  ManageBrowser :27 - Clicking on 'My Account' link....
2023-12-18 12:12:04 INFO  ManageBrowser :33 - Selecting from drop down option....
2023-12-18 12:12:388 INFO  ManageBrowser :93 - Logging into account....
2023-12-18 12:12:305 INFO  ManageBrowser :102 - Verifying page heading after log in....
2023-12-18 12:12:613 INFO  ManageBrowser :27 - Chrome Browser Launch....
2023-12-18 12:12:719 INFO  ManageBrowser :23 - Opening homepage....
2023-12-18 12:12:724 INFO  ManageBrowser :27 - Clicking on 'My Account' link....
2023-12-18 12:12:957 INFO  ManageBrowser :33 - Selecting from drop down option....
2023-12-18 12:12:360 INFO  ManageBrowser :93 - Logging into account....
2023-12-18 12:12:95 INFO  ManageBrowser :33 - Selecting from drop down option....
2023-12-18 12:12:167 INFO  ManageBrowser :115 - Verifying Account Logout text....
2023-12-19 11:12:80 INFO  ManageBrowser :27 - Chrome Browser Launch....
2023-12-19 11:12:678 INFO  ManageBrowser :23 - Opening homepage....
2023-12-19 11:12:681 INFO  ManageBrowser :67 - Clicking on Desktops tab on top menu....
2023-12-19 11:12:899 INFO  ManageBrowser :84 - Selecting 'Show AllDesktops' from drop down....
2023-12-19 11:12:644 INFO  ManageBrowser :40 - Selecting option from 'Sort By' drop down....
2023-12-19 11:12:26 INFO  ManageBrowser :59 - Verifying the order of products displayed....
2023-12-19 11:12:264 INFO  ManageBrowser :45 - Verifying the order of products displayed....
2023-12-19 11:12:618 INFO  ManageBrowser :27 - Chrome Browser Launch....
2023-12-19 11:12:486 INFO  ManageBrowser :23 - Opening homepage....
2023-12-19 11:12:486 INFO  ManageBrowser :67 - Clicking on Laptops & Notebooks tab on top menu....
2023-12-19 11:12:639 INFO  ManageBrowser :84 - Selecting 'Show AllLaptops & Notebooks' from drop down....
2023-12-19 11:12:156 INFO  ManageBrowser :40 - Selecting option from 'Sort By' drop down....
2023-12-19 11:12:543 INFO  ManageBrowser :59 - Verifying the order of products displayed....
2023-12-19 11:12:646 INFO  ManageBrowser :45 - Verifying the order of products displayed....
2023-12-19 11:12:757 INFO  ManageBrowser :27 - Chrome Browser Launch....
2023-12-19 11:12:494 INFO  ManageBrowser :23 - Opening homepage....
2023-12-19 11:12:496 INFO  ManageBrowser :27 - Clicking on 'My Account' link....
2023-12-19 11:12:566 INFO  ManageBrowser :33 - Selecting from drop down option....
2023-12-19 11:12:869 INFO  ManageBrowser :93 - Logging into account....
2023-12-19 11:12:617 INFO  ManageBrowser :33 - Selecting from drop down option....
2023-12-19 11:12:675 INFO  ManageBrowser :115 - Verifying Account Logout text....
2023-12-19 11:12:881 INFO  ManageBrowser :27 - Chrome Browser Launch....
2023-12-19 11:12:729 INFO  ManageBrowser :23 - Opening homepage....
2023-12-19 11:12:732 INFO  ManageBrowser :67 - Clicking on Desktops tab on top menu....
2023-12-19 11:12:918 INFO  ManageBrowser :84 - Selecting 'Show AllDesktops' from drop down....
2023-12-19 11:12:462 INFO  ManageBrowser :40 - Selecting option from 'Sort By' drop down....
2023-12-19 11:12:865 INFO  ManageBrowser :59 - Verifying the order of products displayed....
2023-12-19 11:12:93 INFO  ManageBrowser :45 - Verifying the order of products displayed....
2023-12-19 11:12:501 INFO  ManageBrowser :27 - Chrome Browser Launch....
2023-12-19 11:12:371 INFO  ManageBrowser :23 - Opening homepage....
2023-12-19 11:12:372 INFO  ManageBrowser :67 - Clicking on Laptops & Notebooks tab on top menu....
2023-12-19 11:12:527 INFO  ManageBrowser :84 - Selecting 'Show AllLaptops & Notebooks' from drop down....
2023-12-19 11:12:47 INFO  ManageBrowser :40 - Selecting option from 'Sort By' drop down....
2023-12-19 11:12:465 INFO  ManageBrowser :59 - Verifying the order of products displayed....
2023-12-19 11:12:571 INFO  ManageBrowser :45 - Verifying the order of products displayed....
2023-12-19 11:12:599 INFO  ManageBrowser :27 - Chrome Browser Launch....
2023-12-19 11:12:404 INFO  ManageBrowser :23 - Opening homepage....
2023-12-19 11:12:407 INFO  ManageBrowser :66 - Clicking on Desktops tab on top menu....
2023-12-19 11:12:585 INFO  ManageBrowser :83 - Selecting 'Show AllDesktops' from drop down....
2023-12-19 11:12:123 INFO  ManageBrowser :40 - Selecting option from 'Sort By' drop down....
2023-12-19 11:12:504 INFO  ManageBrowser :59 - Verifying the order of products displayed....
2023-12-19 11:12:276 INFO  ManageBrowser :27 - Chrome Browser Launch....
2023-12-19 11:12:72 INFO  ManageBrowser :23 - Opening homepage....
2023-12-19 11:12:73 INFO  ManageBrowser :66 - Clicking on Laptops & Notebooks tab on top menu....
2023-12-19 11:12:231 INFO  ManageBrowser :83 - Selecting 'Show AllLaptops & Notebooks' from drop down....
2023-12-19 11:12:753 INFO  ManageBrowser :40 - Selecting option from 'Sort By' drop down....
2023-12-19 11:12:91 INFO  ManageBrowser :59 - Verifying the order of products displayed....
2023-12-19 11:12:693 INFO  ManageBrowser :27 - Chrome Browser Launch....
2023-12-19 11:12:460 INFO  ManageBrowser :23 - Opening homepage....
2023-12-19 11:12:463 INFO  ManageBrowser :66 - Clicking on Desktops tab on top menu....
2023-12-19 11:12:649 INFO  ManageBrowser :83 - Selecting 'Show AllDesktops' from drop down....
2023-12-19 11:12:182 INFO  ManageBrowser :40 - Selecting option from 'Sort By' drop down....
2023-12-19 11:12:557 INFO  ManageBrowser :59 - Verifying the order of products displayed....
2023-12-19 11:12:135 INFO  ManageBrowser :27 - Chrome Browser Launch....
2023-12-19 11:12:928 INFO  ManageBrowser :23 - Opening homepage....
2023-12-19 11:12:928 INFO  ManageBrowser :66 - Clicking on Laptops & Notebooks tab on top menu....
2023-12-19 11:12:84 INFO  ManageBrowser :83 - Selecting 'Show AllLaptops & Notebooks' from drop down....
2023-12-19 11:12:579 INFO  ManageBrowser :40 - Selecting option from 'Sort By' drop down....
2023-12-19 11:12:979 INFO  ManageBrowser :59 - Verifying the order of products displayed....
2023-12-19 11:12:171 INFO  ManageBrowser :27 - Chrome Browser Launch....
2023-12-19 11:12:920 INFO  ManageBrowser :23 - Opening homepage....
2023-12-19 11:12:923 INFO  ManageBrowser :66 - Clicking on Desktops tab on top menu....
2023-12-19 11:12:114 INFO  ManageBrowser :83 - Selecting 'Show AllDesktops' from drop down....
2023-12-19 11:12:642 INFO  ManageBrowser :40 - Selecting option from 'Sort By' drop down....
2023-12-19 11:12:994 INFO  ManageBrowser :59 - Verifying the order of products displayed....
2023-12-19 11:12:836 INFO  ManageBrowser :27 - Chrome Browser Launch....
2023-12-19 11:12:624 INFO  ManageBrowser :23 - Opening homepage....
2023-12-19 11:12:625 INFO  ManageBrowser :66 - Clicking on Laptops & Notebooks tab on top menu....
2023-12-19 11:12:785 INFO  ManageBrowser :83 - Selecting 'Show AllLaptops & Notebooks' from drop down....
2023-12-19 11:12:292 INFO  ManageBrowser :40 - Selecting option from 'Sort By' drop down....
2023-12-19 11:12:644 INFO  ManageBrowser :59 - Verifying the order of products displayed....
2023-12-19 11:12:983 INFO  ManageBrowser :27 - Chrome Browser Launch....
2023-12-19 11:12:787 INFO  ManageBrowser :23 - Opening homepage....
2023-12-19 11:12:790 INFO  ManageBrowser :27 - Clicking on 'My Account' link....
2023-12-19 11:12:858 INFO  ManageBrowser :33 - Selecting from drop down option....
2023-12-19 11:12:188 INFO  ManageBrowser :93 - Logging into account....
2023-12-19 11:12:234 INFO  ManageBrowser :33 - Selecting from drop down option....
2023-12-19 11:12:291 INFO  ManageBrowser :115 - Verifying Account Logout text....
2023-12-19 11:12:999 INFO  ManageBrowser :27 - Chrome Browser Launch....
2023-12-19 11:12:799 INFO  ManageBrowser :23 - Opening homepage....
2023-12-19 11:12:807 INFO  ManageBrowser :27 - Clicking on 'My Account' link....
2023-12-19 11:12:926 INFO  ManageBrowser :33 - Selecting from drop down option....
2023-12-19 11:12:299 INFO  ManageBrowser :94 - Logging into account....
2023-12-19 11:12:33 INFO  ManageBrowser :33 - Selecting from drop down option....
2023-12-19 11:12:123 INFO  ManageBrowser :116 - Verifying Account Logout text....
2023-12-19 11:12:357 INFO  ManageBrowser :27 - Chrome Browser Launch....
2023-12-19 11:12:126 INFO  ManageBrowser :23 - Opening homepage....
2023-12-19 11:12:131 INFO  ManageBrowser :27 - Clicking on 'My Account' link....
2023-12-19 11:12:255 INFO  ManageBrowser :33 - Selecting from drop down option....
2023-12-19 11:12:620 INFO  ManageBrowser :94 - Logging into account....
2023-12-19 11:12:308 INFO  ManageBrowser :27 - Chrome Browser Launch....
2023-12-19 11:12:137 INFO  ManageBrowser :23 - Opening homepage....
2023-12-19 11:12:141 INFO  ManageBrowser :27 - Clicking on 'My Account' link....
2023-12-19 11:12:252 INFO  ManageBrowser :33 - Selecting from drop down option....
2023-12-19 11:12:586 INFO  ManageBrowser :94 - Logging into account....
2023-12-19 12:12:814 INFO  ManageBrowser :27 - Chrome Browser Launch....
2023-12-19 12:12:682 INFO  ManageBrowser :23 - Opening homepage....
2023-12-19 12:12:683 INFO  ManageBrowser :27 - Clicking on 'My Account' link....
2023-12-19 12:12:826 INFO  ManageBrowser :33 - Selecting from drop down option....
2023-12-19 12:12:954 INFO  ManageBrowser :95 - Logging into account....
2023-12-19 12:12:277 INFO  ManageBrowser :27 - Chrome Browser Launch....
2023-12-19 12:12:191 INFO  ManageBrowser :23 - Opening homepage....
2023-12-19 12:12:192 INFO  ManageBrowser :27 - Clicking on 'My Account' link....
2023-12-19 12:12:308 INFO  ManageBrowser :33 - Selecting from drop down option....
2023-12-19 12:12:687 INFO  ManageBrowser :94 - Logging into account....
2023-12-19 12:12:499 INFO  ManageBrowser :33 - Selecting from drop down option....
2023-12-19 12:12:583 INFO  ManageBrowser :116 - Verifying Account Logout text....
